Analysis & Synthesis report for riscvpipe
Tue Nov 29 02:26:07 2022
Quartus Prime Version 21.1.1 Build 850 06/23/2022 SJ Lite Edition


---------------------
; Table of Contents ;
---------------------
  1. Legal Notice
  2. Analysis & Synthesis Summary
  3. Analysis & Synthesis Settings
  4. Parallel Compilation
  5. Analysis & Synthesis Source Files Read
  6. Analysis & Synthesis Resource Usage Summary
  7. Analysis & Synthesis Resource Utilization by Entity
  8. Registers Removed During Synthesis
  9. Removed Registers Triggering Further Register Optimizations
 10. General Register Statistics
 11. Parameter Settings for User Entity Instance: datapath:dp|flopr:pcreg
 12. Parameter Settings for User Entity Instance: datapath:dp|mux2:pcmux
 13. Parameter Settings for User Entity Instance: datapath:dp|mux2:aluinput2mux
 14. Parameter Settings for User Entity Instance: datapath:dp|mux2:resultmux
 15. Parameter Settings for User Entity Instance: datapath:dp|mux3:srcaemux
 16. Parameter Settings for User Entity Instance: datapath:dp|mux3:srcbemux
 17. Port Connectivity Checks: "datapath:dp|mewb:mewbreg"
 18. Port Connectivity Checks: "datapath:dp|adder:pcadd4"
 19. Port Connectivity Checks: "datapath:dp"
 20. Post-Synthesis Netlist Statistics for Top Partition
 21. Elapsed Time Per Partition
 22. Analysis & Synthesis Messages



----------------
; Legal Notice ;
----------------
Copyright (C) 2022  Intel Corporation. All rights reserved.
Your use of Intel Corporation's design tools, logic functions 
and other software and tools, and any partner logic 
functions, and any output files from any of the foregoing 
(including device programming or simulation files), and any 
associated documentation or information are expressly subject 
to the terms and conditions of the Intel Program License 
Subscription Agreement, the Intel Quartus Prime License Agreement,
the Intel FPGA IP License Agreement, or other applicable license
agreement, including, without limitation, that your use is for
the sole purpose of programming logic devices manufactured by
Intel and sold by Intel or its authorized distributors.  Please
refer to the applicable agreement for further details, at
https://fpgasoftware.intel.com/eula.



+-------------------------------------------------------------------------------+
; Analysis & Synthesis Summary                                                  ;
+---------------------------------+---------------------------------------------+
; Analysis & Synthesis Status     ; Successful - Tue Nov 29 02:26:07 2022       ;
; Quartus Prime Version           ; 21.1.1 Build 850 06/23/2022 SJ Lite Edition ;
; Revision Name                   ; riscvpipe                                   ;
; Top-level Entity Name           ; riscvpipe                                   ;
; Family                          ; Cyclone V                                   ;
; Logic utilization (in ALMs)     ; N/A                                         ;
; Total registers                 ; 0                                           ;
; Total pins                      ; 2                                           ;
; Total virtual pins              ; 0                                           ;
; Total block memory bits         ; 0                                           ;
; Total DSP Blocks                ; 0                                           ;
; Total HSSI RX PCSs              ; 0                                           ;
; Total HSSI PMA RX Deserializers ; 0                                           ;
; Total HSSI TX PCSs              ; 0                                           ;
; Total HSSI PMA TX Serializers   ; 0                                           ;
; Total PLLs                      ; 0                                           ;
; Total DLLs                      ; 0                                           ;
+---------------------------------+---------------------------------------------+


+---------------------------------------------------------------------------------------------------------------------------+
; Analysis & Synthesis Settings                                                                                             ;
+---------------------------------------------------------------------------------+--------------------+--------------------+
; Option                                                                          ; Setting            ; Default Value      ;
+---------------------------------------------------------------------------------+--------------------+--------------------+
; Device                                                                          ; 5CGXFC7C7F23C8     ;                    ;
; Top-level entity name                                                           ; riscvpipe          ; riscvpipe          ;
; Family name                                                                     ; Cyclone V          ; Cyclone V          ;
; Use smart compilation                                                           ; Off                ; Off                ;
; Enable parallel Assembler and Timing Analyzer during compilation                ; On                 ; On                 ;
; Enable compact report table                                                     ; Off                ; Off                ;
; Restructure Multiplexers                                                        ; Auto               ; Auto               ;
; MLAB Add Timing Constraints For Mixed-Port Feed-Through Mode Setting Don't Care ; Off                ; Off                ;
; Create Debugging Nodes for IP Cores                                             ; Off                ; Off                ;
; Preserve fewer node names                                                       ; On                 ; On                 ;
; Intel FPGA IP Evaluation Mode                                                   ; Enable             ; Enable             ;
; Verilog Version                                                                 ; Verilog_2001       ; Verilog_2001       ;
; VHDL Version                                                                    ; VHDL_1993          ; VHDL_1993          ;
; State Machine Processing                                                        ; Auto               ; Auto               ;
; Safe State Machine                                                              ; Off                ; Off                ;
; Extract Verilog State Machines                                                  ; On                 ; On                 ;
; Extract VHDL State Machines                                                     ; On                 ; On                 ;
; Ignore Verilog initial constructs                                               ; Off                ; Off                ;
; Iteration limit for constant Verilog loops                                      ; 5000               ; 5000               ;
; Iteration limit for non-constant Verilog loops                                  ; 250                ; 250                ;
; Add Pass-Through Logic to Inferred RAMs                                         ; On                 ; On                 ;
; Infer RAMs from Raw Logic                                                       ; On                 ; On                 ;
; Parallel Synthesis                                                              ; On                 ; On                 ;
; DSP Block Balancing                                                             ; Auto               ; Auto               ;
; NOT Gate Push-Back                                                              ; On                 ; On                 ;
; Power-Up Don't Care                                                             ; On                 ; On                 ;
; Remove Redundant Logic Cells                                                    ; Off                ; Off                ;
; Remove Duplicate Registers                                                      ; On                 ; On                 ;
; Ignore CARRY Buffers                                                            ; Off                ; Off                ;
; Ignore CASCADE Buffers                                                          ; Off                ; Off                ;
; Ignore GLOBAL Buffers                                                           ; Off                ; Off                ;
; Ignore ROW GLOBAL Buffers                                                       ; Off                ; Off                ;
; Ignore LCELL Buffers                                                            ; Off                ; Off                ;
; Ignore SOFT Buffers                                                             ; On                 ; On                 ;
; Limit AHDL Integers to 32 Bits                                                  ; Off                ; Off                ;
; Optimization Technique                                                          ; Balanced           ; Balanced           ;
; Carry Chain Length                                                              ; 70                 ; 70                 ;
; Auto Carry Chains                                                               ; On                 ; On                 ;
; Auto Open-Drain Pins                                                            ; On                 ; On                 ;
; Perform WYSIWYG Primitive Resynthesis                                           ; Off                ; Off                ;
; Auto ROM Replacement                                                            ; On                 ; On                 ;
; Auto RAM Replacement                                                            ; On                 ; On                 ;
; Auto DSP Block Replacement                                                      ; On                 ; On                 ;
; Auto Shift Register Replacement                                                 ; Auto               ; Auto               ;
; Allow Shift Register Merging across Hierarchies                                 ; Auto               ; Auto               ;
; Auto Clock Enable Replacement                                                   ; On                 ; On                 ;
; Strict RAM Replacement                                                          ; Off                ; Off                ;
; Allow Synchronous Control Signals                                               ; On                 ; On                 ;
; Force Use of Synchronous Clear Signals                                          ; Off                ; Off                ;
; Auto Resource Sharing                                                           ; Off                ; Off                ;
; Allow Any RAM Size For Recognition                                              ; Off                ; Off                ;
; Allow Any ROM Size For Recognition                                              ; Off                ; Off                ;
; Allow Any Shift Register Size For Recognition                                   ; Off                ; Off                ;
; Use LogicLock Constraints during Resource Balancing                             ; On                 ; On                 ;
; Ignore translate_off and synthesis_off directives                               ; Off                ; Off                ;
; Timing-Driven Synthesis                                                         ; On                 ; On                 ;
; Report Parameter Settings                                                       ; On                 ; On                 ;
; Report Source Assignments                                                       ; On                 ; On                 ;
; Report Connectivity Checks                                                      ; On                 ; On                 ;
; Ignore Maximum Fan-Out Assignments                                              ; Off                ; Off                ;
; Synchronization Register Chain Length                                           ; 3                  ; 3                  ;
; Power Optimization During Synthesis                                             ; Normal compilation ; Normal compilation ;
; HDL message level                                                               ; Level2             ; Level2             ;
; Suppress Register Optimization Related Messages                                 ; Off                ; Off                ;
; Number of Removed Registers Reported in Synthesis Report                        ; 5000               ; 5000               ;
; Number of Swept Nodes Reported in Synthesis Report                              ; 5000               ; 5000               ;
; Number of Inverted Registers Reported in Synthesis Report                       ; 100                ; 100                ;
; Clock MUX Protection                                                            ; On                 ; On                 ;
; Auto Gated Clock Conversion                                                     ; Off                ; Off                ;
; Block Design Naming                                                             ; Auto               ; Auto               ;
; SDC constraint protection                                                       ; Off                ; Off                ;
; Synthesis Effort                                                                ; Auto               ; Auto               ;
; Shift Register Replacement - Allow Asynchronous Clear Signal                    ; On                 ; On                 ;
; Pre-Mapping Resynthesis Optimization                                            ; Off                ; Off                ;
; Analysis & Synthesis Message Level                                              ; Medium             ; Medium             ;
; Disable Register Merging Across Hierarchies                                     ; Auto               ; Auto               ;
; Resource Aware Inference For Block RAM                                          ; On                 ; On                 ;
; Automatic Parallel Synthesis                                                    ; On                 ; On                 ;
; Partial Reconfiguration Bitstream ID                                            ; Off                ; Off                ;
+---------------------------------------------------------------------------------+--------------------+--------------------+


+------------------------------------------+
; Parallel Compilation                     ;
+----------------------------+-------------+
; Processors                 ; Number      ;
+----------------------------+-------------+
; Number detected on machine ; 8           ;
; Maximum allowed            ; 4           ;
;                            ;             ;
; Average used               ; 1.00        ;
; Maximum used               ; 1           ;
;                            ;             ;
; Usage by Processor         ; % Time Used ;
;     Processor 1            ; 100.0%      ;
+----------------------------+-------------+


+----------------------------------------------------------------------------------------------------------------------------------------------------+
; Analysis & Synthesis Source Files Read                                                                                                             ;
+----------------------------------+-----------------+-----------------+-------------------------------------------------------------------+---------+
; File Name with User-Entered Path ; Used in Netlist ; File Type       ; File Name with Absolute Path                                      ; Library ;
+----------------------------------+-----------------+-----------------+-------------------------------------------------------------------+---------+
; adder.vhd                        ; yes             ; User VHDL File  ; /home/nic/202203-poli/oac/atv4a/riscvpipe_quartus/adder.vhd       ;         ;
; alu.vhd                          ; yes             ; User VHDL File  ; /home/nic/202203-poli/oac/atv4a/riscvpipe_quartus/alu.vhd         ;         ;
; aludec.vhd                       ; yes             ; User VHDL File  ; /home/nic/202203-poli/oac/atv4a/riscvpipe_quartus/aludec.vhd      ;         ;
; controlunit.vhd                  ; yes             ; User VHDL File  ; /home/nic/202203-poli/oac/atv4a/riscvpipe_quartus/controlunit.vhd ;         ;
; datamem.vhd                      ; yes             ; User VHDL File  ; /home/nic/202203-poli/oac/atv4a/riscvpipe_quartus/datamem.vhd     ;         ;
; datapath.vhd                     ; yes             ; User VHDL File  ; /home/nic/202203-poli/oac/atv4a/riscvpipe_quartus/datapath.vhd    ;         ;
; exme.vhd                         ; yes             ; User VHDL File  ; /home/nic/202203-poli/oac/atv4a/riscvpipe_quartus/exme.vhd        ;         ;
; flopr.vhd                        ; yes             ; User VHDL File  ; /home/nic/202203-poli/oac/atv4a/riscvpipe_quartus/flopr.vhd       ;         ;
; hazardunit.vhd                   ; yes             ; User VHDL File  ; /home/nic/202203-poli/oac/atv4a/riscvpipe_quartus/hazardunit.vhd  ;         ;
; idex.vhd                         ; yes             ; User VHDL File  ; /home/nic/202203-poli/oac/atv4a/riscvpipe_quartus/idex.vhd        ;         ;
; ifid.vhd                         ; yes             ; User VHDL File  ; /home/nic/202203-poli/oac/atv4a/riscvpipe_quartus/ifid.vhd        ;         ;
; immgen.vhd                       ; yes             ; User VHDL File  ; /home/nic/202203-poli/oac/atv4a/riscvpipe_quartus/immgen.vhd      ;         ;
; instrmem.vhd                     ; yes             ; User VHDL File  ; /home/nic/202203-poli/oac/atv4a/riscvpipe_quartus/instrmem.vhd    ;         ;
; maindec.vhd                      ; yes             ; User VHDL File  ; /home/nic/202203-poli/oac/atv4a/riscvpipe_quartus/maindec.vhd     ;         ;
; mewb.vhd                         ; yes             ; User VHDL File  ; /home/nic/202203-poli/oac/atv4a/riscvpipe_quartus/mewb.vhd        ;         ;
; mux2.vhd                         ; yes             ; User VHDL File  ; /home/nic/202203-poli/oac/atv4a/riscvpipe_quartus/mux2.vhd        ;         ;
; mux3.vhd                         ; yes             ; User VHDL File  ; /home/nic/202203-poli/oac/atv4a/riscvpipe_quartus/mux3.vhd        ;         ;
; regfile.vhd                      ; yes             ; User VHDL File  ; /home/nic/202203-poli/oac/atv4a/riscvpipe_quartus/regfile.vhd     ;         ;
; riscvpipe.vhd                    ; yes             ; User VHDL File  ; /home/nic/202203-poli/oac/atv4a/riscvpipe_quartus/riscvpipe.vhd   ;         ;
+----------------------------------+-----------------+-----------------+-------------------------------------------------------------------+---------+


+-----------------------------------------------------+
; Analysis & Synthesis Resource Usage Summary         ;
+---------------------------------------------+-------+
; Resource                                    ; Usage ;
+---------------------------------------------+-------+
; Estimate of Logic utilization (ALMs needed) ; 0     ;
;                                             ;       ;
; Combinational ALUT usage for logic          ; 0     ;
;     -- 7 input functions                    ; 0     ;
;     -- 6 input functions                    ; 0     ;
;     -- 5 input functions                    ; 0     ;
;     -- 4 input functions                    ; 0     ;
;     -- <=3 input functions                  ; 0     ;
;                                             ;       ;
; Dedicated logic registers                   ; 0     ;
;                                             ;       ;
; I/O pins                                    ; 2     ;
;                                             ;       ;
; Total DSP Blocks                            ; 0     ;
;                                             ;       ;
; Maximum fan-out node                        ; clk   ;
; Maximum fan-out                             ; 1     ;
; Total fan-out                               ; 2     ;
; Average fan-out                             ; 0.50  ;
+---------------------------------------------+-------+


+----------------------------------------------------------------------------------------------------------------------------------------------------------------------------------------+
; Analysis & Synthesis Resource Utilization by Entity                                                                                                                                    ;
+----------------------------+---------------------+---------------------------+-------------------+------------+------+--------------+---------------------+-------------+--------------+
; Compilation Hierarchy Node ; Combinational ALUTs ; Dedicated Logic Registers ; Block Memory Bits ; DSP Blocks ; Pins ; Virtual Pins ; Full Hierarchy Name ; Entity Name ; Library Name ;
+----------------------------+---------------------+---------------------------+-------------------+------------+------+--------------+---------------------+-------------+--------------+
; |riscvpipe                 ; 0 (0)               ; 0 (0)                     ; 0                 ; 0          ; 2    ; 0            ; |riscvpipe          ; riscvpipe   ; work         ;
+----------------------------+---------------------+---------------------------+-------------------+------------+------+--------------+---------------------+-------------+--------------+
Note: For table entries with two numbers listed, the numbers in parentheses indicate the number of resources of the given type used by the specific entity alone. The numbers listed outside of parentheses indicate the total resources of the given type used by the specific entity and all of its sub-entities in the hierarchy.


+--------------------------------------------------------------------------------------------------------------+
; Registers Removed During Synthesis                                                                           ;
+---------------------------------------------------------------------+----------------------------------------+
; Register name                                                       ; Reason for Removal                     ;
+---------------------------------------------------------------------+----------------------------------------+
; datapath:dp|idex:idexreg|rs1e[0..4]                                 ; Lost fanout                            ;
; datapath:dp|idex:idexreg|rs2e[0..4]                                 ; Lost fanout                            ;
; datapath:dp|ifid:ifidreg|instrd[6,9,18,19,23,24,26..29,31]          ; Stuck at GND due to stuck port data_in ;
; datapath:dp|idex:idexreg|rde[2]                                     ; Stuck at GND due to stuck port data_in ;
; datapath:dp|idex:idexreg|immexte[6..9,11..31]                       ; Stuck at GND due to stuck port data_in ;
; datapath:dp|idex:idexreg|pce[31]                                    ; Lost fanout                            ;
; datapath:dp|ifid:ifidreg|pcd[31]                                    ; Lost fanout                            ;
; datapath:dp|idex:idexreg|pce[30]                                    ; Lost fanout                            ;
; datapath:dp|ifid:ifidreg|pcd[30]                                    ; Lost fanout                            ;
; datapath:dp|idex:idexreg|pce[29]                                    ; Lost fanout                            ;
; datapath:dp|ifid:ifidreg|pcd[29]                                    ; Lost fanout                            ;
; datapath:dp|idex:idexreg|pce[28]                                    ; Lost fanout                            ;
; datapath:dp|ifid:ifidreg|pcd[28]                                    ; Lost fanout                            ;
; datapath:dp|idex:idexreg|pce[27]                                    ; Lost fanout                            ;
; datapath:dp|ifid:ifidreg|pcd[27]                                    ; Lost fanout                            ;
; datapath:dp|idex:idexreg|pce[26]                                    ; Lost fanout                            ;
; datapath:dp|ifid:ifidreg|pcd[26]                                    ; Lost fanout                            ;
; datapath:dp|idex:idexreg|pce[25]                                    ; Lost fanout                            ;
; datapath:dp|ifid:ifidreg|pcd[25]                                    ; Lost fanout                            ;
; datapath:dp|idex:idexreg|pce[24]                                    ; Lost fanout                            ;
; datapath:dp|ifid:ifidreg|pcd[24]                                    ; Lost fanout                            ;
; datapath:dp|idex:idexreg|pce[23]                                    ; Lost fanout                            ;
; datapath:dp|ifid:ifidreg|pcd[23]                                    ; Lost fanout                            ;
; datapath:dp|idex:idexreg|pce[22]                                    ; Lost fanout                            ;
; datapath:dp|ifid:ifidreg|pcd[22]                                    ; Lost fanout                            ;
; datapath:dp|idex:idexreg|pce[21]                                    ; Lost fanout                            ;
; datapath:dp|ifid:ifidreg|pcd[21]                                    ; Lost fanout                            ;
; datapath:dp|idex:idexreg|pce[20]                                    ; Lost fanout                            ;
; datapath:dp|ifid:ifidreg|pcd[20]                                    ; Lost fanout                            ;
; datapath:dp|idex:idexreg|pce[19]                                    ; Lost fanout                            ;
; datapath:dp|ifid:ifidreg|pcd[19]                                    ; Lost fanout                            ;
; datapath:dp|idex:idexreg|pce[18]                                    ; Lost fanout                            ;
; datapath:dp|ifid:ifidreg|pcd[18]                                    ; Lost fanout                            ;
; datapath:dp|idex:idexreg|pce[17]                                    ; Lost fanout                            ;
; datapath:dp|ifid:ifidreg|pcd[17]                                    ; Lost fanout                            ;
; datapath:dp|idex:idexreg|pce[16]                                    ; Lost fanout                            ;
; datapath:dp|ifid:ifidreg|pcd[16]                                    ; Lost fanout                            ;
; datapath:dp|idex:idexreg|pce[15]                                    ; Lost fanout                            ;
; datapath:dp|ifid:ifidreg|pcd[15]                                    ; Lost fanout                            ;
; datapath:dp|idex:idexreg|pce[14]                                    ; Lost fanout                            ;
; datapath:dp|ifid:ifidreg|pcd[14]                                    ; Lost fanout                            ;
; datapath:dp|idex:idexreg|pce[13]                                    ; Lost fanout                            ;
; datapath:dp|ifid:ifidreg|pcd[13]                                    ; Lost fanout                            ;
; datapath:dp|idex:idexreg|pce[12]                                    ; Lost fanout                            ;
; datapath:dp|ifid:ifidreg|pcd[12]                                    ; Lost fanout                            ;
; datapath:dp|idex:idexreg|pce[11]                                    ; Lost fanout                            ;
; datapath:dp|ifid:ifidreg|pcd[11]                                    ; Lost fanout                            ;
; datapath:dp|idex:idexreg|pce[10]                                    ; Lost fanout                            ;
; datapath:dp|ifid:ifidreg|pcd[10]                                    ; Lost fanout                            ;
; datapath:dp|idex:idexreg|pce[9]                                     ; Lost fanout                            ;
; datapath:dp|ifid:ifidreg|pcd[9]                                     ; Lost fanout                            ;
; datapath:dp|idex:idexreg|pce[8]                                     ; Lost fanout                            ;
; datapath:dp|ifid:ifidreg|pcd[8]                                     ; Lost fanout                            ;
; datapath:dp|idex:idexreg|pce[7]                                     ; Lost fanout                            ;
; datapath:dp|ifid:ifidreg|pcd[7]                                     ; Lost fanout                            ;
; datapath:dp|idex:idexreg|pce[6]                                     ; Lost fanout                            ;
; datapath:dp|ifid:ifidreg|pcd[6]                                     ; Lost fanout                            ;
; datapath:dp|idex:idexreg|pce[5]                                     ; Lost fanout                            ;
; datapath:dp|ifid:ifidreg|pcd[5]                                     ; Lost fanout                            ;
; datapath:dp|idex:idexreg|pce[4]                                     ; Lost fanout                            ;
; datapath:dp|ifid:ifidreg|pcd[4]                                     ; Lost fanout                            ;
; datapath:dp|idex:idexreg|pce[3]                                     ; Lost fanout                            ;
; datapath:dp|ifid:ifidreg|pcd[3]                                     ; Lost fanout                            ;
; datapath:dp|idex:idexreg|pce[2]                                     ; Lost fanout                            ;
; datapath:dp|ifid:ifidreg|pcd[2]                                     ; Lost fanout                            ;
; datapath:dp|idex:idexreg|pce[1]                                     ; Lost fanout                            ;
; datapath:dp|ifid:ifidreg|pcd[1]                                     ; Lost fanout                            ;
; datapath:dp|idex:idexreg|pce[0]                                     ; Lost fanout                            ;
; datapath:dp|ifid:ifidreg|pcd[0]                                     ; Lost fanout                            ;
; datapath:dp|exme:exmereg|rdm[2]                                     ; Stuck at GND due to stuck port data_in ;
; datapath:dp|mewb:mewbreg|rdw[2]                                     ; Stuck at GND due to stuck port data_in ;
; datapath:dp|mewb:mewbreg|memtoregw                                  ; Lost fanout                            ;
; datapath:dp|mewb:mewbreg|regwritew                                  ; Lost fanout                            ;
; datapath:dp|mewb:mewbreg|rdw[0,1,3,4]                               ; Lost fanout                            ;
; datapath:dp|mewb:mewbreg|readdw[0..31]                              ; Lost fanout                            ;
; datapath:dp|mewb:mewbreg|aluresw[0..31]                             ; Lost fanout                            ;
; datapath:dp|exme:exmereg|memwritem                                  ; Lost fanout                            ;
; datapath:dp|exme:exmereg|memtoregm                                  ; Lost fanout                            ;
; datapath:dp|exme:exmereg|regwritem                                  ; Lost fanout                            ;
; datapath:dp|exme:exmereg|rdm[0,1,3,4]                               ; Lost fanout                            ;
; datapath:dp|exme:exmereg|wdm[0..31]                                 ; Lost fanout                            ;
; datapath:dp|exme:exmereg|aluresm[0..31]                             ; Lost fanout                            ;
; datapath:dp|idex:idexreg|rd1e[0..31]                                ; Lost fanout                            ;
; datapath:dp|idex:idexreg|rd2e[0..31]                                ; Lost fanout                            ;
; datapath:dp|idex:idexreg|rde[0,1,3,4]                               ; Lost fanout                            ;
; datapath:dp|idex:idexreg|immexte[0..5,10]                           ; Lost fanout                            ;
; datapath:dp|idex:idexreg|alucontrole[0..2]                          ; Lost fanout                            ;
; datapath:dp|idex:idexreg|regwritee                                  ; Lost fanout                            ;
; datapath:dp|idex:idexreg|memtorege                                  ; Lost fanout                            ;
; datapath:dp|idex:idexreg|alusrce                                    ; Lost fanout                            ;
; datapath:dp|idex:idexreg|memwritee                                  ; Lost fanout                            ;
; datapath:dp|ifid:ifidreg|instrd[4,5,7,8,10..12,14..17,20..22,25,30] ; Lost fanout                            ;
; datapath:dp|flopr:pcreg|q[0..31]                                    ; Lost fanout                            ;
; Total Number of Removed Registers = 384                             ;                                        ;
+---------------------------------------------------------------------+----------------------------------------+


+------------------------------------------------------------------------------------------------------------------------------------------------------+
; Removed Registers Triggering Further Register Optimizations                                                                                          ;
+--------------------------------------+---------------------------+-----------------------------------------------------------------------------------+
; Register name                        ; Reason for Removal        ; Registers Removed due to This Register                                            ;
+--------------------------------------+---------------------------+-----------------------------------------------------------------------------------+
; datapath:dp|ifid:ifidreg|instrd[6]   ; Stuck at GND              ; datapath:dp|idex:idexreg|rde[2], datapath:dp|idex:idexreg|immexte[31],            ;
;                                      ; due to stuck port data_in ; datapath:dp|idex:idexreg|immexte[30], datapath:dp|idex:idexreg|immexte[29],       ;
;                                      ;                           ; datapath:dp|idex:idexreg|immexte[28], datapath:dp|idex:idexreg|immexte[27],       ;
;                                      ;                           ; datapath:dp|idex:idexreg|immexte[26], datapath:dp|idex:idexreg|immexte[25],       ;
;                                      ;                           ; datapath:dp|idex:idexreg|immexte[24], datapath:dp|idex:idexreg|immexte[23],       ;
;                                      ;                           ; datapath:dp|idex:idexreg|immexte[22], datapath:dp|idex:idexreg|immexte[21],       ;
;                                      ;                           ; datapath:dp|idex:idexreg|immexte[20], datapath:dp|idex:idexreg|immexte[19],       ;
;                                      ;                           ; datapath:dp|idex:idexreg|immexte[18], datapath:dp|idex:idexreg|immexte[17],       ;
;                                      ;                           ; datapath:dp|idex:idexreg|immexte[16], datapath:dp|idex:idexreg|immexte[15],       ;
;                                      ;                           ; datapath:dp|idex:idexreg|immexte[14], datapath:dp|idex:idexreg|immexte[13],       ;
;                                      ;                           ; datapath:dp|idex:idexreg|immexte[12], datapath:dp|idex:idexreg|immexte[11],       ;
;                                      ;                           ; datapath:dp|idex:idexreg|immexte[9], datapath:dp|idex:idexreg|immexte[8],         ;
;                                      ;                           ; datapath:dp|idex:idexreg|immexte[7], datapath:dp|idex:idexreg|immexte[6],         ;
;                                      ;                           ; datapath:dp|idex:idexreg|pce[31], datapath:dp|ifid:ifidreg|pcd[31],               ;
;                                      ;                           ; datapath:dp|idex:idexreg|pce[30], datapath:dp|ifid:ifidreg|pcd[30],               ;
;                                      ;                           ; datapath:dp|idex:idexreg|pce[29], datapath:dp|ifid:ifidreg|pcd[29],               ;
;                                      ;                           ; datapath:dp|idex:idexreg|pce[28], datapath:dp|ifid:ifidreg|pcd[28],               ;
;                                      ;                           ; datapath:dp|idex:idexreg|pce[27], datapath:dp|ifid:ifidreg|pcd[27],               ;
;                                      ;                           ; datapath:dp|idex:idexreg|pce[26], datapath:dp|ifid:ifidreg|pcd[26],               ;
;                                      ;                           ; datapath:dp|idex:idexreg|pce[25], datapath:dp|ifid:ifidreg|pcd[25],               ;
;                                      ;                           ; datapath:dp|idex:idexreg|pce[24], datapath:dp|ifid:ifidreg|pcd[24],               ;
;                                      ;                           ; datapath:dp|exme:exmereg|rdm[2], datapath:dp|mewb:mewbreg|rdw[2],                 ;
;                                      ;                           ; datapath:dp|mewb:mewbreg|readdw[5], datapath:dp|mewb:mewbreg|readdw[6],           ;
;                                      ;                           ; datapath:dp|mewb:mewbreg|aluresw[6], datapath:dp|mewb:mewbreg|aluresw[7],         ;
;                                      ;                           ; datapath:dp|exme:exmereg|aluresm[6], datapath:dp|exme:exmereg|aluresm[7],         ;
;                                      ;                           ; datapath:dp|idex:idexreg|rd1e[31], datapath:dp|idex:idexreg|rd1e[30],             ;
;                                      ;                           ; datapath:dp|idex:idexreg|rd1e[29], datapath:dp|idex:idexreg|rd1e[28],             ;
;                                      ;                           ; datapath:dp|idex:idexreg|rd1e[27], datapath:dp|idex:idexreg|rd1e[26],             ;
;                                      ;                           ; datapath:dp|idex:idexreg|rd1e[25], datapath:dp|idex:idexreg|rd1e[24],             ;
;                                      ;                           ; datapath:dp|idex:idexreg|rd1e[23], datapath:dp|idex:idexreg|rd1e[22],             ;
;                                      ;                           ; datapath:dp|idex:idexreg|rd1e[21], datapath:dp|idex:idexreg|rd1e[20],             ;
;                                      ;                           ; datapath:dp|idex:idexreg|rd1e[19], datapath:dp|idex:idexreg|rd1e[18],             ;
;                                      ;                           ; datapath:dp|idex:idexreg|rd1e[17], datapath:dp|idex:idexreg|rd1e[16],             ;
;                                      ;                           ; datapath:dp|idex:idexreg|rd1e[15], datapath:dp|idex:idexreg|rd1e[14],             ;
;                                      ;                           ; datapath:dp|idex:idexreg|rd1e[13], datapath:dp|idex:idexreg|rd1e[12],             ;
;                                      ;                           ; datapath:dp|idex:idexreg|rd1e[11], datapath:dp|idex:idexreg|rd1e[9],              ;
;                                      ;                           ; datapath:dp|idex:idexreg|rd1e[8], datapath:dp|idex:idexreg|rd1e[7],               ;
;                                      ;                           ; datapath:dp|idex:idexreg|rd1e[6], datapath:dp|idex:idexreg|rd2e[31],              ;
;                                      ;                           ; datapath:dp|idex:idexreg|rd2e[30], datapath:dp|idex:idexreg|rd2e[29],             ;
;                                      ;                           ; datapath:dp|idex:idexreg|rd2e[28], datapath:dp|idex:idexreg|rd2e[27],             ;
;                                      ;                           ; datapath:dp|idex:idexreg|rd2e[26], datapath:dp|idex:idexreg|rd2e[25],             ;
;                                      ;                           ; datapath:dp|idex:idexreg|rd2e[24], datapath:dp|idex:idexreg|rd2e[23],             ;
;                                      ;                           ; datapath:dp|idex:idexreg|rd2e[22], datapath:dp|idex:idexreg|rd2e[21],             ;
;                                      ;                           ; datapath:dp|idex:idexreg|rd2e[20], datapath:dp|idex:idexreg|rd2e[19],             ;
;                                      ;                           ; datapath:dp|idex:idexreg|rd2e[18], datapath:dp|idex:idexreg|rd2e[17],             ;
;                                      ;                           ; datapath:dp|idex:idexreg|rd2e[16], datapath:dp|idex:idexreg|rd2e[15],             ;
;                                      ;                           ; datapath:dp|idex:idexreg|rd2e[14], datapath:dp|idex:idexreg|rd2e[13],             ;
;                                      ;                           ; datapath:dp|idex:idexreg|rd2e[12], datapath:dp|idex:idexreg|rd2e[11],             ;
;                                      ;                           ; datapath:dp|idex:idexreg|rd2e[9], datapath:dp|idex:idexreg|rd2e[8],               ;
;                                      ;                           ; datapath:dp|idex:idexreg|rd2e[7], datapath:dp|idex:idexreg|rd2e[6],               ;
;                                      ;                           ; datapath:dp|idex:idexreg|alucontrole[2], datapath:dp|idex:idexreg|alucontrole[0], ;
;                                      ;                           ; datapath:dp|idex:idexreg|alusrce, datapath:dp|ifid:ifidreg|instrd[4],             ;
;                                      ;                           ; datapath:dp|ifid:ifidreg|instrd[5], datapath:dp|ifid:ifidreg|instrd[7],           ;
;                                      ;                           ; datapath:dp|ifid:ifidreg|instrd[8], datapath:dp|ifid:ifidreg|instrd[10],          ;
;                                      ;                           ; datapath:dp|ifid:ifidreg|instrd[11], datapath:dp|ifid:ifidreg|instrd[12],         ;
;                                      ;                           ; datapath:dp|ifid:ifidreg|instrd[14], datapath:dp|flopr:pcreg|q[24],               ;
;                                      ;                           ; datapath:dp|flopr:pcreg|q[25], datapath:dp|flopr:pcreg|q[26],                     ;
;                                      ;                           ; datapath:dp|flopr:pcreg|q[27], datapath:dp|flopr:pcreg|q[28],                     ;
;                                      ;                           ; datapath:dp|flopr:pcreg|q[29], datapath:dp|flopr:pcreg|q[30],                     ;
;                                      ;                           ; datapath:dp|flopr:pcreg|q[31]                                                     ;
; datapath:dp|ifid:ifidreg|instrd[18]  ; Stuck at GND              ; datapath:dp|mewb:mewbreg|readdw[0], datapath:dp|mewb:mewbreg|readdw[1],           ;
;                                      ; due to stuck port data_in ; datapath:dp|mewb:mewbreg|readdw[2], datapath:dp|mewb:mewbreg|readdw[3],           ;
;                                      ;                           ; datapath:dp|mewb:mewbreg|readdw[4], datapath:dp|mewb:mewbreg|aluresw[0],          ;
;                                      ;                           ; datapath:dp|mewb:mewbreg|aluresw[1], datapath:dp|mewb:mewbreg|aluresw[2],         ;
;                                      ;                           ; datapath:dp|mewb:mewbreg|aluresw[3], datapath:dp|mewb:mewbreg|aluresw[4],         ;
;                                      ;                           ; datapath:dp|mewb:mewbreg|aluresw[5], datapath:dp|exme:exmereg|wdm[0],             ;
;                                      ;                           ; datapath:dp|exme:exmereg|wdm[1], datapath:dp|exme:exmereg|wdm[2],                 ;
;                                      ;                           ; datapath:dp|exme:exmereg|wdm[3], datapath:dp|exme:exmereg|wdm[4],                 ;
;                                      ;                           ; datapath:dp|exme:exmereg|wdm[5], datapath:dp|exme:exmereg|wdm[6],                 ;
;                                      ;                           ; datapath:dp|exme:exmereg|wdm[7], datapath:dp|exme:exmereg|wdm[8],                 ;
;                                      ;                           ; datapath:dp|exme:exmereg|aluresm[0], datapath:dp|exme:exmereg|aluresm[1],         ;
;                                      ;                           ; datapath:dp|exme:exmereg|aluresm[2], datapath:dp|exme:exmereg|aluresm[3],         ;
;                                      ;                           ; datapath:dp|exme:exmereg|aluresm[4], datapath:dp|exme:exmereg|aluresm[5],         ;
;                                      ;                           ; datapath:dp|idex:idexreg|rd1e[5], datapath:dp|idex:idexreg|rd1e[4],               ;
;                                      ;                           ; datapath:dp|idex:idexreg|rd1e[3], datapath:dp|idex:idexreg|rd1e[2],               ;
;                                      ;                           ; datapath:dp|idex:idexreg|rd1e[1], datapath:dp|idex:idexreg|rd1e[0],               ;
;                                      ;                           ; datapath:dp|idex:idexreg|rd2e[5], datapath:dp|idex:idexreg|rd2e[4],               ;
;                                      ;                           ; datapath:dp|idex:idexreg|rd2e[3], datapath:dp|idex:idexreg|rd2e[2],               ;
;                                      ;                           ; datapath:dp|idex:idexreg|rd2e[1], datapath:dp|idex:idexreg|rd2e[0],               ;
;                                      ;                           ; datapath:dp|idex:idexreg|immexte[5], datapath:dp|idex:idexreg|immexte[4],         ;
;                                      ;                           ; datapath:dp|idex:idexreg|immexte[3], datapath:dp|idex:idexreg|immexte[2],         ;
;                                      ;                           ; datapath:dp|idex:idexreg|immexte[1], datapath:dp|idex:idexreg|immexte[0],         ;
;                                      ;                           ; datapath:dp|ifid:ifidreg|instrd[25]                                               ;
; datapath:dp|idex:idexreg|rs1e[4]     ; Lost Fanouts              ; datapath:dp|mewb:mewbreg|memtoregw, datapath:dp|exme:exmereg|memtoregm,           ;
;                                      ;                           ; datapath:dp|idex:idexreg|alucontrole[1], datapath:dp|idex:idexreg|memtorege,      ;
;                                      ;                           ; datapath:dp|ifid:ifidreg|instrd[15], datapath:dp|ifid:ifidreg|instrd[16],         ;
;                                      ;                           ; datapath:dp|ifid:ifidreg|instrd[17], datapath:dp|ifid:ifidreg|instrd[20],         ;
;                                      ;                           ; datapath:dp|ifid:ifidreg|instrd[21], datapath:dp|ifid:ifidreg|instrd[22]          ;
; datapath:dp|mewb:mewbreg|aluresw[10] ; Lost Fanouts              ; datapath:dp|exme:exmereg|aluresm[10], datapath:dp|idex:idexreg|rd1e[10],          ;
;                                      ;                           ; datapath:dp|idex:idexreg|immexte[10], datapath:dp|ifid:ifidreg|instrd[30]         ;
; datapath:dp|idex:idexreg|pce[8]      ; Lost Fanouts              ; datapath:dp|ifid:ifidreg|pcd[8], datapath:dp|flopr:pcreg|q[8]                     ;
; datapath:dp|mewb:mewbreg|rdw[1]      ; Lost Fanouts              ; datapath:dp|exme:exmereg|rdm[1], datapath:dp|idex:idexreg|rde[1]                  ;
; datapath:dp|idex:idexreg|pce[7]      ; Lost Fanouts              ; datapath:dp|ifid:ifidreg|pcd[7], datapath:dp|flopr:pcreg|q[7]                     ;
; datapath:dp|idex:idexreg|pce[6]      ; Lost Fanouts              ; datapath:dp|ifid:ifidreg|pcd[6], datapath:dp|flopr:pcreg|q[6]                     ;
; datapath:dp|idex:idexreg|pce[5]      ; Lost Fanouts              ; datapath:dp|ifid:ifidreg|pcd[5], datapath:dp|flopr:pcreg|q[5]                     ;
; datapath:dp|idex:idexreg|pce[4]      ; Lost Fanouts              ; datapath:dp|ifid:ifidreg|pcd[4], datapath:dp|flopr:pcreg|q[4]                     ;
; datapath:dp|idex:idexreg|pce[3]      ; Lost Fanouts              ; datapath:dp|ifid:ifidreg|pcd[3], datapath:dp|flopr:pcreg|q[3]                     ;
; datapath:dp|idex:idexreg|pce[2]      ; Lost Fanouts              ; datapath:dp|ifid:ifidreg|pcd[2], datapath:dp|flopr:pcreg|q[2]                     ;
; datapath:dp|idex:idexreg|pce[1]      ; Lost Fanouts              ; datapath:dp|ifid:ifidreg|pcd[1], datapath:dp|flopr:pcreg|q[1]                     ;
; datapath:dp|idex:idexreg|pce[0]      ; Lost Fanouts              ; datapath:dp|ifid:ifidreg|pcd[0], datapath:dp|flopr:pcreg|q[0]                     ;
; datapath:dp|mewb:mewbreg|regwritew   ; Lost Fanouts              ; datapath:dp|exme:exmereg|regwritem, datapath:dp|idex:idexreg|regwritee            ;
; datapath:dp|mewb:mewbreg|rdw[0]      ; Lost Fanouts              ; datapath:dp|exme:exmereg|rdm[0], datapath:dp|idex:idexreg|rde[0]                  ;
; datapath:dp|mewb:mewbreg|rdw[3]      ; Lost Fanouts              ; datapath:dp|exme:exmereg|rdm[3], datapath:dp|idex:idexreg|rde[3]                  ;
; datapath:dp|mewb:mewbreg|rdw[4]      ; Lost Fanouts              ; datapath:dp|exme:exmereg|rdm[4], datapath:dp|idex:idexreg|rde[4]                  ;
; datapath:dp|idex:idexreg|pce[10]     ; Lost Fanouts              ; datapath:dp|ifid:ifidreg|pcd[10], datapath:dp|flopr:pcreg|q[10]                   ;
; datapath:dp|idex:idexreg|pce[23]     ; Lost Fanouts              ; datapath:dp|ifid:ifidreg|pcd[23], datapath:dp|flopr:pcreg|q[23]                   ;
; datapath:dp|idex:idexreg|pce[9]      ; Lost Fanouts              ; datapath:dp|ifid:ifidreg|pcd[9], datapath:dp|flopr:pcreg|q[9]                     ;
; datapath:dp|idex:idexreg|pce[22]     ; Lost Fanouts              ; datapath:dp|ifid:ifidreg|pcd[22], datapath:dp|flopr:pcreg|q[22]                   ;
; datapath:dp|idex:idexreg|pce[21]     ; Lost Fanouts              ; datapath:dp|ifid:ifidreg|pcd[21], datapath:dp|flopr:pcreg|q[21]                   ;
; datapath:dp|idex:idexreg|pce[20]     ; Lost Fanouts              ; datapath:dp|ifid:ifidreg|pcd[20], datapath:dp|flopr:pcreg|q[20]                   ;
; datapath:dp|idex:idexreg|pce[19]     ; Lost Fanouts              ; datapath:dp|ifid:ifidreg|pcd[19], datapath:dp|flopr:pcreg|q[19]                   ;
; datapath:dp|idex:idexreg|pce[18]     ; Lost Fanouts              ; datapath:dp|ifid:ifidreg|pcd[18], datapath:dp|flopr:pcreg|q[18]                   ;
; datapath:dp|idex:idexreg|pce[16]     ; Lost Fanouts              ; datapath:dp|ifid:ifidreg|pcd[16], datapath:dp|flopr:pcreg|q[16]                   ;
; datapath:dp|idex:idexreg|pce[15]     ; Lost Fanouts              ; datapath:dp|ifid:ifidreg|pcd[15], datapath:dp|flopr:pcreg|q[15]                   ;
; datapath:dp|idex:idexreg|pce[14]     ; Lost Fanouts              ; datapath:dp|ifid:ifidreg|pcd[14], datapath:dp|flopr:pcreg|q[14]                   ;
; datapath:dp|idex:idexreg|pce[13]     ; Lost Fanouts              ; datapath:dp|ifid:ifidreg|pcd[13], datapath:dp|flopr:pcreg|q[13]                   ;
; datapath:dp|idex:idexreg|pce[12]     ; Lost Fanouts              ; datapath:dp|ifid:ifidreg|pcd[12], datapath:dp|flopr:pcreg|q[12]                   ;
; datapath:dp|idex:idexreg|pce[11]     ; Lost Fanouts              ; datapath:dp|ifid:ifidreg|pcd[11], datapath:dp|flopr:pcreg|q[11]                   ;
; datapath:dp|idex:idexreg|pce[17]     ; Lost Fanouts              ; datapath:dp|ifid:ifidreg|pcd[17], datapath:dp|flopr:pcreg|q[17]                   ;
; datapath:dp|mewb:mewbreg|aluresw[22] ; Lost Fanouts              ; datapath:dp|exme:exmereg|aluresm[22]                                              ;
; datapath:dp|mewb:mewbreg|aluresw[23] ; Lost Fanouts              ; datapath:dp|exme:exmereg|aluresm[23]                                              ;
; datapath:dp|mewb:mewbreg|aluresw[24] ; Lost Fanouts              ; datapath:dp|exme:exmereg|aluresm[24]                                              ;
; datapath:dp|mewb:mewbreg|aluresw[25] ; Lost Fanouts              ; datapath:dp|exme:exmereg|aluresm[25]                                              ;
; datapath:dp|mewb:mewbreg|aluresw[26] ; Lost Fanouts              ; datapath:dp|exme:exmereg|aluresm[26]                                              ;
; datapath:dp|mewb:mewbreg|aluresw[27] ; Lost Fanouts              ; datapath:dp|exme:exmereg|aluresm[27]                                              ;
; datapath:dp|mewb:mewbreg|aluresw[28] ; Lost Fanouts              ; datapath:dp|exme:exmereg|aluresm[28]                                              ;
; datapath:dp|mewb:mewbreg|aluresw[29] ; Lost Fanouts              ; datapath:dp|exme:exmereg|aluresm[29]                                              ;
; datapath:dp|mewb:mewbreg|aluresw[30] ; Lost Fanouts              ; datapath:dp|exme:exmereg|aluresm[30]                                              ;
; datapath:dp|mewb:mewbreg|aluresw[31] ; Lost Fanouts              ; datapath:dp|exme:exmereg|aluresm[31]                                              ;
; datapath:dp|exme:exmereg|wdm[10]     ; Lost Fanouts              ; datapath:dp|idex:idexreg|rd2e[10]                                                 ;
; datapath:dp|exme:exmereg|memwritem   ; Lost Fanouts              ; datapath:dp|idex:idexreg|memwritee                                                ;
; datapath:dp|mewb:mewbreg|aluresw[21] ; Lost Fanouts              ; datapath:dp|exme:exmereg|aluresm[21]                                              ;
; datapath:dp|mewb:mewbreg|aluresw[20] ; Lost Fanouts              ; datapath:dp|exme:exmereg|aluresm[20]                                              ;
; datapath:dp|mewb:mewbreg|aluresw[19] ; Lost Fanouts              ; datapath:dp|exme:exmereg|aluresm[19]                                              ;
; datapath:dp|mewb:mewbreg|aluresw[18] ; Lost Fanouts              ; datapath:dp|exme:exmereg|aluresm[18]                                              ;
; datapath:dp|mewb:mewbreg|aluresw[17] ; Lost Fanouts              ; datapath:dp|exme:exmereg|aluresm[17]                                              ;
; datapath:dp|mewb:mewbreg|aluresw[16] ; Lost Fanouts              ; datapath:dp|exme:exmereg|aluresm[16]                                              ;
; datapath:dp|mewb:mewbreg|aluresw[15] ; Lost Fanouts              ; datapath:dp|exme:exmereg|aluresm[15]                                              ;
; datapath:dp|mewb:mewbreg|aluresw[14] ; Lost Fanouts              ; datapath:dp|exme:exmereg|aluresm[14]                                              ;
; datapath:dp|mewb:mewbreg|aluresw[13] ; Lost Fanouts              ; datapath:dp|exme:exmereg|aluresm[13]                                              ;
; datapath:dp|mewb:mewbreg|aluresw[12] ; Lost Fanouts              ; datapath:dp|exme:exmereg|aluresm[12]                                              ;
; datapath:dp|mewb:mewbreg|aluresw[11] ; Lost Fanouts              ; datapath:dp|exme:exmereg|aluresm[11]                                              ;
; datapath:dp|mewb:mewbreg|aluresw[9]  ; Lost Fanouts              ; datapath:dp|exme:exmereg|aluresm[9]                                               ;
; datapath:dp|mewb:mewbreg|aluresw[8]  ; Lost Fanouts              ; datapath:dp|exme:exmereg|aluresm[8]                                               ;
+--------------------------------------+---------------------------+-----------------------------------------------------------------------------------+


+------------------------------------------------------+
; General Register Statistics                          ;
+----------------------------------------------+-------+
; Statistic                                    ; Value ;
+----------------------------------------------+-------+
; Total registers                              ; 0     ;
; Number of registers using Synchronous Clear  ; 0     ;
; Number of registers using Synchronous Load   ; 0     ;
; Number of registers using Asynchronous Clear ; 0     ;
; Number of registers using Asynchronous Load  ; 0     ;
; Number of registers using Clock Enable       ; 0     ;
; Number of registers using Preset             ; 0     ;
+----------------------------------------------+-------+


+----------------------------------------------------------------------+
; Parameter Settings for User Entity Instance: datapath:dp|flopr:pcreg ;
+----------------+-------+---------------------------------------------+
; Parameter Name ; Value ; Type                                        ;
+----------------+-------+---------------------------------------------+
; width          ; 32    ; Signed Integer                              ;
+----------------+-------+---------------------------------------------+
Note: In order to hide this table in the UI and the text report file, please set the "Show Parameter Settings in Synthesis Report" option in "Analysis and Synthesis Settings -> More Settings" to "Off".


+---------------------------------------------------------------------+
; Parameter Settings for User Entity Instance: datapath:dp|mux2:pcmux ;
+----------------+-------+--------------------------------------------+
; Parameter Name ; Value ; Type                                       ;
+----------------+-------+--------------------------------------------+
; width          ; 32    ; Signed Integer                             ;
+----------------+-------+--------------------------------------------+
Note: In order to hide this table in the UI and the text report file, please set the "Show Parameter Settings in Synthesis Report" option in "Analysis and Synthesis Settings -> More Settings" to "Off".


+----------------------------------------------------------------------------+
; Parameter Settings for User Entity Instance: datapath:dp|mux2:aluinput2mux ;
+----------------+-------+---------------------------------------------------+
; Parameter Name ; Value ; Type                                              ;
+----------------+-------+---------------------------------------------------+
; width          ; 32    ; Signed Integer                                    ;
+----------------+-------+---------------------------------------------------+
Note: In order to hide this table in the UI and the text report file, please set the "Show Parameter Settings in Synthesis Report" option in "Analysis and Synthesis Settings -> More Settings" to "Off".


+-------------------------------------------------------------------------+
; Parameter Settings for User Entity Instance: datapath:dp|mux2:resultmux ;
+----------------+-------+------------------------------------------------+
; Parameter Name ; Value ; Type                                           ;
+----------------+-------+------------------------------------------------+
; width          ; 32    ; Signed Integer                                 ;
+----------------+-------+------------------------------------------------+
Note: In order to hide this table in the UI and the text report file, please set the "Show Parameter Settings in Synthesis Report" option in "Analysis and Synthesis Settings -> More Settings" to "Off".


+------------------------------------------------------------------------+
; Parameter Settings for User Entity Instance: datapath:dp|mux3:srcaemux ;
+----------------+-------+-----------------------------------------------+
; Parameter Name ; Value ; Type                                          ;
+----------------+-------+-----------------------------------------------+
; width          ; 32    ; Signed Integer                                ;
+----------------+-------+-----------------------------------------------+
Note: In order to hide this table in the UI and the text report file, please set the "Show Parameter Settings in Synthesis Report" option in "Analysis and Synthesis Settings -> More Settings" to "Off".


+------------------------------------------------------------------------+
; Parameter Settings for User Entity Instance: datapath:dp|mux3:srcbemux ;
+----------------+-------+-----------------------------------------------+
; Parameter Name ; Value ; Type                                          ;
+----------------+-------+-----------------------------------------------+
; width          ; 32    ; Signed Integer                                ;
+----------------+-------+-----------------------------------------------+
Note: In order to hide this table in the UI and the text report file, please set the "Show Parameter Settings in Synthesis Report" option in "Analysis and Synthesis Settings -> More Settings" to "Off".


+--------------------------------------------------------------------------------------------------------------------+
; Port Connectivity Checks: "datapath:dp|mewb:mewbreg"                                                               ;
+----------+--------+----------+-------------------------------------------------------------------------------------+
; Port     ; Type   ; Severity ; Details                                                                             ;
+----------+--------+----------+-------------------------------------------------------------------------------------+
; pcplus4w ; Output ; Info     ; Connected to dangling logic. Logic that only feeds a dangling port will be removed. ;
+----------+--------+----------+-------------------------------------------------------------------------------------+


+------------------------------------------------------+
; Port Connectivity Checks: "datapath:dp|adder:pcadd4" ;
+----------+-------+----------+------------------------+
; Port     ; Type  ; Severity ; Details                ;
+----------+-------+----------+------------------------+
; b[31..3] ; Input ; Info     ; Stuck at GND           ;
; b[1..0]  ; Input ; Info     ; Stuck at GND           ;
; b[2]     ; Input ; Info     ; Stuck at VCC           ;
+----------+-------+----------+------------------------+


+--------------------------------------------------------------------------------------------------------------------------+
; Port Connectivity Checks: "datapath:dp"                                                                                  ;
+----------------+--------+----------+-------------------------------------------------------------------------------------+
; Port           ; Type   ; Severity ; Details                                                                             ;
+----------------+--------+----------+-------------------------------------------------------------------------------------+
; instrd[29..25] ; Output ; Info     ; Connected to dangling logic. Logic that only feeds a dangling port will be removed. ;
; instrd[11..7]  ; Output ; Info     ; Connected to dangling logic. Logic that only feeds a dangling port will be removed. ;
; instrd[31]     ; Output ; Info     ; Connected to dangling logic. Logic that only feeds a dangling port will be removed. ;
+----------------+--------+----------+-------------------------------------------------------------------------------------+


+-----------------------------------------------------+
; Post-Synthesis Netlist Statistics for Top Partition ;
+-------------------+---------------------------------+
; Type              ; Count                           ;
+-------------------+---------------------------------+
; boundary_port     ; 2                               ;
;                   ;                                 ;
; Max LUT depth     ; 0.00                            ;
; Average LUT depth ; 0.00                            ;
+-------------------+---------------------------------+


+-------------------------------+
; Elapsed Time Per Partition    ;
+----------------+--------------+
; Partition Name ; Elapsed Time ;
+----------------+--------------+
; Top            ; 00:00:00     ;
+----------------+--------------+


+-------------------------------+
; Analysis & Synthesis Messages ;
+-------------------------------+
Info: *******************************************************************
Info: Running Quartus Prime Analysis & Synthesis
    Info: Version 21.1.1 Build 850 06/23/2022 SJ Lite Edition
    Info: Processing started: Tue Nov 29 02:26:00 2022
Info: Command: quartus_map --read_settings_files=on --write_settings_files=off riscvpipe -c riscvpipe
Warning (18236): Number of processors has not been specified which may cause overloading on shared machines.  Set the global assignment NUM_PARALLEL_PROCESSORS in your QSF to an appropriate value for best performance.
Info (20030): Parallel compilation is enabled and will use 4 of the 4 processors detected
Info (12021): Found 2 design units, including 1 entities, in source file adder.vhd
    Info (12022): Found design unit 1: adder-behavioural File: /home/nic/202203-poli/oac/atv4a/riscvpipe_quartus/adder.vhd Line: 13
    Info (12023): Found entity 1: adder File: /home/nic/202203-poli/oac/atv4a/riscvpipe_quartus/adder.vhd Line: 6
Info (12021): Found 2 design units, including 1 entities, in source file alu.vhd
    Info (12022): Found design unit 1: alu-synth File: /home/nic/202203-poli/oac/atv4a/riscvpipe_quartus/alu.vhd Line: 16
    Info (12023): Found entity 1: alu File: /home/nic/202203-poli/oac/atv4a/riscvpipe_quartus/alu.vhd Line: 6
Info (12021): Found 2 design units, including 1 entities, in source file aludec.vhd
    Info (12022): Found design unit 1: aludec-behavioural File: /home/nic/202203-poli/oac/atv4a/riscvpipe_quartus/aludec.vhd Line: 13
    Info (12023): Found entity 1: aludec File: /home/nic/202203-poli/oac/atv4a/riscvpipe_quartus/aludec.vhd Line: 4
Info (12021): Found 2 design units, including 1 entities, in source file controlunit.vhd
    Info (12022): Found design unit 1: controlunit-struct File: /home/nic/202203-poli/oac/atv4a/riscvpipe_quartus/controlunit.vhd Line: 24
    Info (12023): Found entity 1: controlunit File: /home/nic/202203-poli/oac/atv4a/riscvpipe_quartus/controlunit.vhd Line: 4
Info (12021): Found 2 design units, including 1 entities, in source file datamem.vhd
    Info (12022): Found design unit 1: datamem-behavioural File: /home/nic/202203-poli/oac/atv4a/riscvpipe_quartus/datamem.vhd Line: 14
    Info (12023): Found entity 1: datamem File: /home/nic/202203-poli/oac/atv4a/riscvpipe_quartus/datamem.vhd Line: 6
Info (12021): Found 2 design units, including 1 entities, in source file datapath.vhd
    Info (12022): Found design unit 1: datapath-struct File: /home/nic/202203-poli/oac/atv4a/riscvpipe_quartus/datapath.vhd Line: 40
    Info (12023): Found entity 1: datapath File: /home/nic/202203-poli/oac/atv4a/riscvpipe_quartus/datapath.vhd Line: 5
Info (12021): Found 2 design units, including 1 entities, in source file exme.vhd
    Info (12022): Found design unit 1: exme-asynchronous File: /home/nic/202203-poli/oac/atv4a/riscvpipe_quartus/exme.vhd Line: 35
    Info (12023): Found entity 1: exme File: /home/nic/202203-poli/oac/atv4a/riscvpipe_quartus/exme.vhd Line: 5
Info (12021): Found 2 design units, including 1 entities, in source file flopr.vhd
    Info (12022): Found design unit 1: flopr-asynchronous File: /home/nic/202203-poli/oac/atv4a/riscvpipe_quartus/flopr.vhd Line: 16
    Info (12023): Found entity 1: flopr File: /home/nic/202203-poli/oac/atv4a/riscvpipe_quartus/flopr.vhd Line: 4
Info (12021): Found 2 design units, including 1 entities, in source file hazardunit.vhd
    Info (12022): Found design unit 1: hazardunit-struct File: /home/nic/202203-poli/oac/atv4a/riscvpipe_quartus/hazardunit.vhd Line: 35
    Info (12023): Found entity 1: hazardunit File: /home/nic/202203-poli/oac/atv4a/riscvpipe_quartus/hazardunit.vhd Line: 5
Info (12021): Found 2 design units, including 1 entities, in source file idex.vhd
    Info (12022): Found design unit 1: idex-asynchronous File: /home/nic/202203-poli/oac/atv4a/riscvpipe_quartus/idex.vhd Line: 53
    Info (12023): Found entity 1: idex File: /home/nic/202203-poli/oac/atv4a/riscvpipe_quartus/idex.vhd Line: 5
Info (12021): Found 2 design units, including 1 entities, in source file ifid.vhd
    Info (12022): Found design unit 1: ifid-asynchronous File: /home/nic/202203-poli/oac/atv4a/riscvpipe_quartus/ifid.vhd Line: 27
    Info (12023): Found entity 1: ifid File: /home/nic/202203-poli/oac/atv4a/riscvpipe_quartus/ifid.vhd Line: 5
Info (12021): Found 2 design units, including 1 entities, in source file immgen.vhd
    Info (12022): Found design unit 1: immgen-behavioural File: /home/nic/202203-poli/oac/atv4a/riscvpipe_quartus/immgen.vhd Line: 12
    Info (12023): Found entity 1: immgen File: /home/nic/202203-poli/oac/atv4a/riscvpipe_quartus/immgen.vhd Line: 4
Info (12021): Found 2 design units, including 1 entities, in source file instrmem.vhd
    Info (12022): Found design unit 1: instrmem-behavioural File: /home/nic/202203-poli/oac/atv4a/riscvpipe_quartus/instrmem.vhd Line: 14
    Info (12023): Found entity 1: instrmem File: /home/nic/202203-poli/oac/atv4a/riscvpipe_quartus/instrmem.vhd Line: 7
Info (12021): Found 2 design units, including 1 entities, in source file maindec.vhd
    Info (12022): Found design unit 1: maindec-behavioural File: /home/nic/202203-poli/oac/atv4a/riscvpipe_quartus/maindec.vhd Line: 18
    Info (12023): Found entity 1: maindec File: /home/nic/202203-poli/oac/atv4a/riscvpipe_quartus/maindec.vhd Line: 4
Info (12021): Found 2 design units, including 1 entities, in source file mewb.vhd
    Info (12022): Found design unit 1: mewb-asynchronous File: /home/nic/202203-poli/oac/atv4a/riscvpipe_quartus/mewb.vhd Line: 33
    Info (12023): Found entity 1: mewb File: /home/nic/202203-poli/oac/atv4a/riscvpipe_quartus/mewb.vhd Line: 5
Info (12021): Found 2 design units, including 1 entities, in source file mux2.vhd
    Info (12022): Found design unit 1: mux2-behavioural File: /home/nic/202203-poli/oac/atv4a/riscvpipe_quartus/mux2.vhd Line: 15
    Info (12023): Found entity 1: mux2 File: /home/nic/202203-poli/oac/atv4a/riscvpipe_quartus/mux2.vhd Line: 4
Info (12021): Found 2 design units, including 1 entities, in source file mux3.vhd
    Info (12022): Found design unit 1: mux3-behavioural File: /home/nic/202203-poli/oac/atv4a/riscvpipe_quartus/mux3.vhd Line: 15
    Info (12023): Found entity 1: mux3 File: /home/nic/202203-poli/oac/atv4a/riscvpipe_quartus/mux3.vhd Line: 4
Info (12021): Found 2 design units, including 1 entities, in source file regfile.vhd
    Info (12022): Found design unit 1: regfile-behavioural File: /home/nic/202203-poli/oac/atv4a/riscvpipe_quartus/regfile.vhd Line: 16
    Info (12023): Found entity 1: regfile File: /home/nic/202203-poli/oac/atv4a/riscvpipe_quartus/regfile.vhd Line: 5
Info (12021): Found 2 design units, including 1 entities, in source file riscvpipe.vhd
    Info (12022): Found design unit 1: riscvpipe-struct File: /home/nic/202203-poli/oac/atv4a/riscvpipe_quartus/riscvpipe.vhd Line: 10
    Info (12023): Found entity 1: riscvpipe File: /home/nic/202203-poli/oac/atv4a/riscvpipe_quartus/riscvpipe.vhd Line: 4
Info (12021): Found 2 design units, including 1 entities, in source file testbench.vhd
    Info (12022): Found design unit 1: testbench-test File: /home/nic/202203-poli/oac/atv4a/riscvpipe_quartus/testbench.vhd Line: 8
    Info (12023): Found entity 1: testbench File: /home/nic/202203-poli/oac/atv4a/riscvpipe_quartus/testbench.vhd Line: 5
Info (12021): Found 2 design units, including 1 entities, in source file top.vhd
    Info (12022): Found design unit 1: top-test File: /home/nic/202203-poli/oac/atv4a/riscvpipe_quartus/top.vhd Line: 13
    Info (12023): Found entity 1: top File: /home/nic/202203-poli/oac/atv4a/riscvpipe_quartus/top.vhd Line: 5
Info (12127): Elaborating entity "riscvpipe" for the top level hierarchy
Info (12128): Elaborating entity "controlunit" for hierarchy "controlunit:cu" File: /home/nic/202203-poli/oac/atv4a/riscvpipe_quartus/riscvpipe.vhd Line: 108
Info (12128): Elaborating entity "maindec" for hierarchy "controlunit:cu|maindec:md" File: /home/nic/202203-poli/oac/atv4a/riscvpipe_quartus/controlunit.vhd Line: 54
Info (12128): Elaborating entity "aludec" for hierarchy "controlunit:cu|aludec:ad" File: /home/nic/202203-poli/oac/atv4a/riscvpipe_quartus/controlunit.vhd Line: 66
Info (12128): Elaborating entity "datapath" for hierarchy "datapath:dp" File: /home/nic/202203-poli/oac/atv4a/riscvpipe_quartus/riscvpipe.vhd Line: 123
Warning (10036): Verilog HDL or VHDL warning at datapath.vhd(289): object "s_pcplus4w" assigned a value but never read File: /home/nic/202203-poli/oac/atv4a/riscvpipe_quartus/datapath.vhd Line: 289
Warning (10034): Output port "rde" at datapath.vhd(24) has no driver File: /home/nic/202203-poli/oac/atv4a/riscvpipe_quartus/datapath.vhd Line: 24
Warning (10034): Output port "rdm" at datapath.vhd(25) has no driver File: /home/nic/202203-poli/oac/atv4a/riscvpipe_quartus/datapath.vhd Line: 25
Warning (10034): Output port "rdw" at datapath.vhd(26) has no driver File: /home/nic/202203-poli/oac/atv4a/riscvpipe_quartus/datapath.vhd Line: 26
Warning (10034): Output port "regwritem" at datapath.vhd(27) has no driver File: /home/nic/202203-poli/oac/atv4a/riscvpipe_quartus/datapath.vhd Line: 27
Warning (10034): Output port "regwritew" at datapath.vhd(28) has no driver File: /home/nic/202203-poli/oac/atv4a/riscvpipe_quartus/datapath.vhd Line: 28
Info (12128): Elaborating entity "flopr" for hierarchy "datapath:dp|flopr:pcreg" File: /home/nic/202203-poli/oac/atv4a/riscvpipe_quartus/datapath.vhd Line: 298
Info (12128): Elaborating entity "adder" for hierarchy "datapath:dp|adder:pcadd4" File: /home/nic/202203-poli/oac/atv4a/riscvpipe_quartus/datapath.vhd Line: 310
Info (12128): Elaborating entity "mux2" for hierarchy "datapath:dp|mux2:pcmux" File: /home/nic/202203-poli/oac/atv4a/riscvpipe_quartus/datapath.vhd Line: 324
Info (12128): Elaborating entity "immgen" for hierarchy "datapath:dp|immgen:imm" File: /home/nic/202203-poli/oac/atv4a/riscvpipe_quartus/datapath.vhd Line: 338
Info (12128): Elaborating entity "regfile" for hierarchy "datapath:dp|regfile:rf" File: /home/nic/202203-poli/oac/atv4a/riscvpipe_quartus/datapath.vhd Line: 345
Warning (10492): VHDL Process Statement warning at regfile.vhd(41): signal "mem" is read inside the Process Statement but isn't in the Process Statement's sensitivity list File: /home/nic/202203-poli/oac/atv4a/riscvpipe_quartus/regfile.vhd Line: 41
Warning (10492): VHDL Process Statement warning at regfile.vhd(46): signal "mem" is read inside the Process Statement but isn't in the Process Statement's sensitivity list File: /home/nic/202203-poli/oac/atv4a/riscvpipe_quartus/regfile.vhd Line: 46
Info (12128): Elaborating entity "alu" for hierarchy "datapath:dp|alu:mainalu" File: /home/nic/202203-poli/oac/atv4a/riscvpipe_quartus/datapath.vhd Line: 371
Info (12128): Elaborating entity "instrmem" for hierarchy "datapath:dp|instrmem:imem" File: /home/nic/202203-poli/oac/atv4a/riscvpipe_quartus/datapath.vhd Line: 394
Info (12128): Elaborating entity "datamem" for hierarchy "datapath:dp|datamem:dmem" File: /home/nic/202203-poli/oac/atv4a/riscvpipe_quartus/datapath.vhd Line: 400
Info (12128): Elaborating entity "ifid" for hierarchy "datapath:dp|ifid:ifidreg" File: /home/nic/202203-poli/oac/atv4a/riscvpipe_quartus/datapath.vhd Line: 414
Info (12128): Elaborating entity "idex" for hierarchy "datapath:dp|idex:idexreg" File: /home/nic/202203-poli/oac/atv4a/riscvpipe_quartus/datapath.vhd Line: 428
Info (12128): Elaborating entity "exme" for hierarchy "datapath:dp|exme:exmereg" File: /home/nic/202203-poli/oac/atv4a/riscvpipe_quartus/datapath.vhd Line: 460
Info (12128): Elaborating entity "mewb" for hierarchy "datapath:dp|mewb:mewbreg" File: /home/nic/202203-poli/oac/atv4a/riscvpipe_quartus/datapath.vhd Line: 479
Info (12128): Elaborating entity "mux3" for hierarchy "datapath:dp|mux3:srcaemux" File: /home/nic/202203-poli/oac/atv4a/riscvpipe_quartus/datapath.vhd Line: 499
Info (12128): Elaborating entity "hazardunit" for hierarchy "hazardunit:hu" File: /home/nic/202203-poli/oac/atv4a/riscvpipe_quartus/riscvpipe.vhd Line: 152
Info (17049): 345 registers lost all their fanouts during netlist optimizations.
Info (16010): Generating hard_block partition "hard_block:auto_generated_inst"
    Info (16011): Adding 0 node(s), including 0 DDIO, 0 PLL, 0 transceiver and 0 LCELL
Warning (21074): Design contains 2 input pin(s) that do not drive logic
    Warning (15610): No output dependent on input pin "clk" File: /home/nic/202203-poli/oac/atv4a/riscvpipe_quartus/riscvpipe.vhd Line: 6
    Warning (15610): No output dependent on input pin "rst" File: /home/nic/202203-poli/oac/atv4a/riscvpipe_quartus/riscvpipe.vhd Line: 6
Info (21057): Implemented 2 device resources after synthesis - the final resource count might be different
    Info (21058): Implemented 2 input pins
    Info (21059): Implemented 0 output pins
Info: Quartus Prime Analysis & Synthesis was successful. 0 errors, 12 warnings
    Info: Peak virtual memory: 497 megabytes
    Info: Processing ended: Tue Nov 29 02:26:07 2022
    Info: Elapsed time: 00:00:07
    Info: Total CPU time (on all processors): 00:00:17


