Analysis & Synthesis report for riscvsingle
Mon Nov 28 16:47:21 2022
Quartus Prime Version 21.1.1 Build 850 06/23/2022 SJ Lite Edition


---------------------
; Table of Contents ;
---------------------
  1. Legal Notice
  2. Analysis & Synthesis Summary
  3. Analysis & Synthesis Settings
  4. Parallel Compilation
  5. Analysis & Synthesis Source Files Read
  6. Analysis & Synthesis Resource Usage Summary
  7. Analysis & Synthesis Resource Utilization by Entity
  8. General Register Statistics
  9. Multiplexer Restructuring Statistics (Restructuring Performed)
 10. Parameter Settings for User Entity Instance: datapath:dp|flopr:pcreg
 11. Parameter Settings for User Entity Instance: datapath:dp|mux2:pcmux
 12. Parameter Settings for User Entity Instance: datapath:dp|mux2:aluinput2mux
 13. Parameter Settings for User Entity Instance: datapath:dp|mux2:resultmux
 14. Port Connectivity Checks: "datapath:dp|adder:pcadd4"
 15. Post-Synthesis Netlist Statistics for Top Partition
 16. Elapsed Time Per Partition
 17. Analysis & Synthesis Messages



----------------
; Legal Notice ;
----------------
Copyright (C) 2022  Intel Corporation. All rights reserved.
Your use of Intel Corporation's design tools, logic functions 
and other software and tools, and any partner logic 
functions, and any output files from any of the foregoing 
(including device programming or simulation files), and any 
associated documentation or information are expressly subject 
to the terms and conditions of the Intel Program License 
Subscription Agreement, the Intel Quartus Prime License Agreement,
the Intel FPGA IP License Agreement, or other applicable license
agreement, including, without limitation, that your use is for
the sole purpose of programming logic devices manufactured by
Intel and sold by Intel or its authorized distributors.  Please
refer to the applicable agreement for further details, at
https://fpgasoftware.intel.com/eula.



+-------------------------------------------------------------------------------+
; Analysis & Synthesis Summary                                                  ;
+---------------------------------+---------------------------------------------+
; Analysis & Synthesis Status     ; Successful - Mon Nov 28 16:47:21 2022       ;
; Quartus Prime Version           ; 21.1.1 Build 850 06/23/2022 SJ Lite Edition ;
; Revision Name                   ; riscvsingle                                 ;
; Top-level Entity Name           ; riscvsingle                                 ;
; Family                          ; Cyclone V                                   ;
; Logic utilization (in ALMs)     ; N/A                                         ;
; Total registers                 ; 1056                                        ;
; Total pins                      ; 163                                         ;
; Total virtual pins              ; 0                                           ;
; Total block memory bits         ; 0                                           ;
; Total DSP Blocks                ; 0                                           ;
; Total HSSI RX PCSs              ; 0                                           ;
; Total HSSI PMA RX Deserializers ; 0                                           ;
; Total HSSI TX PCSs              ; 0                                           ;
; Total HSSI PMA TX Serializers   ; 0                                           ;
; Total PLLs                      ; 0                                           ;
; Total DLLs                      ; 0                                           ;
+---------------------------------+---------------------------------------------+


+---------------------------------------------------------------------------------------------------------------------------+
; Analysis & Synthesis Settings                                                                                             ;
+---------------------------------------------------------------------------------+--------------------+--------------------+
; Option                                                                          ; Setting            ; Default Value      ;
+---------------------------------------------------------------------------------+--------------------+--------------------+
; Device                                                                          ; 5CGXFC7C7F23C8     ;                    ;
; Top-level entity name                                                           ; riscvsingle        ; riscvsingle        ;
; Family name                                                                     ; Cyclone V          ; Cyclone V          ;
; Use smart compilation                                                           ; Off                ; Off                ;
; Enable parallel Assembler and Timing Analyzer during compilation                ; On                 ; On                 ;
; Enable compact report table                                                     ; Off                ; Off                ;
; Restructure Multiplexers                                                        ; Auto               ; Auto               ;
; MLAB Add Timing Constraints For Mixed-Port Feed-Through Mode Setting Don't Care ; Off                ; Off                ;
; Create Debugging Nodes for IP Cores                                             ; Off                ; Off                ;
; Preserve fewer node names                                                       ; On                 ; On                 ;
; Intel FPGA IP Evaluation Mode                                                   ; Enable             ; Enable             ;
; Verilog Version                                                                 ; Verilog_2001       ; Verilog_2001       ;
; VHDL Version                                                                    ; VHDL_1993          ; VHDL_1993          ;
; State Machine Processing                                                        ; Auto               ; Auto               ;
; Safe State Machine                                                              ; Off                ; Off                ;
; Extract Verilog State Machines                                                  ; On                 ; On                 ;
; Extract VHDL State Machines                                                     ; On                 ; On                 ;
; Ignore Verilog initial constructs                                               ; Off                ; Off                ;
; Iteration limit for constant Verilog loops                                      ; 5000               ; 5000               ;
; Iteration limit for non-constant Verilog loops                                  ; 250                ; 250                ;
; Add Pass-Through Logic to Inferred RAMs                                         ; On                 ; On                 ;
; Infer RAMs from Raw Logic                                                       ; On                 ; On                 ;
; Parallel Synthesis                                                              ; On                 ; On                 ;
; DSP Block Balancing                                                             ; Auto               ; Auto               ;
; NOT Gate Push-Back                                                              ; On                 ; On                 ;
; Power-Up Don't Care                                                             ; On                 ; On                 ;
; Remove Redundant Logic Cells                                                    ; Off                ; Off                ;
; Remove Duplicate Registers                                                      ; On                 ; On                 ;
; Ignore CARRY Buffers                                                            ; Off                ; Off                ;
; Ignore CASCADE Buffers                                                          ; Off                ; Off                ;
; Ignore GLOBAL Buffers                                                           ; Off                ; Off                ;
; Ignore ROW GLOBAL Buffers                                                       ; Off                ; Off                ;
; Ignore LCELL Buffers                                                            ; Off                ; Off                ;
; Ignore SOFT Buffers                                                             ; On                 ; On                 ;
; Limit AHDL Integers to 32 Bits                                                  ; Off                ; Off                ;
; Optimization Technique                                                          ; Balanced           ; Balanced           ;
; Carry Chain Length                                                              ; 70                 ; 70                 ;
; Auto Carry Chains                                                               ; On                 ; On                 ;
; Auto Open-Drain Pins                                                            ; On                 ; On                 ;
; Perform WYSIWYG Primitive Resynthesis                                           ; Off                ; Off                ;
; Auto ROM Replacement                                                            ; On                 ; On                 ;
; Auto RAM Replacement                                                            ; On                 ; On                 ;
; Auto DSP Block Replacement                                                      ; On                 ; On                 ;
; Auto Shift Register Replacement                                                 ; Auto               ; Auto               ;
; Allow Shift Register Merging across Hierarchies                                 ; Auto               ; Auto               ;
; Auto Clock Enable Replacement                                                   ; On                 ; On                 ;
; Strict RAM Replacement                                                          ; Off                ; Off                ;
; Allow Synchronous Control Signals                                               ; On                 ; On                 ;
; Force Use of Synchronous Clear Signals                                          ; Off                ; Off                ;
; Auto Resource Sharing                                                           ; Off                ; Off                ;
; Allow Any RAM Size For Recognition                                              ; Off                ; Off                ;
; Allow Any ROM Size For Recognition                                              ; Off                ; Off                ;
; Allow Any Shift Register Size For Recognition                                   ; Off                ; Off                ;
; Use LogicLock Constraints during Resource Balancing                             ; On                 ; On                 ;
; Ignore translate_off and synthesis_off directives                               ; Off                ; Off                ;
; Timing-Driven Synthesis                                                         ; On                 ; On                 ;
; Report Parameter Settings                                                       ; On                 ; On                 ;
; Report Source Assignments                                                       ; On                 ; On                 ;
; Report Connectivity Checks                                                      ; On                 ; On                 ;
; Ignore Maximum Fan-Out Assignments                                              ; Off                ; Off                ;
; Synchronization Register Chain Length                                           ; 3                  ; 3                  ;
; Power Optimization During Synthesis                                             ; Normal compilation ; Normal compilation ;
; HDL message level                                                               ; Level2             ; Level2             ;
; Suppress Register Optimization Related Messages                                 ; Off                ; Off                ;
; Number of Removed Registers Reported in Synthesis Report                        ; 5000               ; 5000               ;
; Number of Swept Nodes Reported in Synthesis Report                              ; 5000               ; 5000               ;
; Number of Inverted Registers Reported in Synthesis Report                       ; 100                ; 100                ;
; Clock MUX Protection                                                            ; On                 ; On                 ;
; Auto Gated Clock Conversion                                                     ; Off                ; Off                ;
; Block Design Naming                                                             ; Auto               ; Auto               ;
; SDC constraint protection                                                       ; Off                ; Off                ;
; Synthesis Effort                                                                ; Auto               ; Auto               ;
; Shift Register Replacement - Allow Asynchronous Clear Signal                    ; On                 ; On                 ;
; Pre-Mapping Resynthesis Optimization                                            ; Off                ; Off                ;
; Analysis & Synthesis Message Level                                              ; Medium             ; Medium             ;
; Disable Register Merging Across Hierarchies                                     ; Auto               ; Auto               ;
; Resource Aware Inference For Block RAM                                          ; On                 ; On                 ;
; Automatic Parallel Synthesis                                                    ; On                 ; On                 ;
; Partial Reconfiguration Bitstream ID                                            ; Off                ; Off                ;
+---------------------------------------------------------------------------------+--------------------+--------------------+


+------------------------------------------+
; Parallel Compilation                     ;
+----------------------------+-------------+
; Processors                 ; Number      ;
+----------------------------+-------------+
; Number detected on machine ; 8           ;
; Maximum allowed            ; 4           ;
;                            ;             ;
; Average used               ; 1.00        ;
; Maximum used               ; 4           ;
;                            ;             ;
; Usage by Processor         ; % Time Used ;
;     Processor 1            ; 100.0%      ;
;     Processor 2            ;   0.0%      ;
;     Processor 3            ;   0.0%      ;
;     Processor 4            ;   0.0%      ;
+----------------------------+-------------+


+-----------------------------------------------------------------------------------------------------------------------------------------------+
; Analysis & Synthesis Source Files Read                                                                                                        ;
+----------------------------------+-----------------+-----------------+--------------------------------------------------------------+---------+
; File Name with User-Entered Path ; Used in Netlist ; File Type       ; File Name with Absolute Path                                 ; Library ;
+----------------------------------+-----------------+-----------------+--------------------------------------------------------------+---------+
; adder.vhd                        ; yes             ; User VHDL File  ; /home/nic/202203-poli/oac/atv4a/copy_quartus/adder.vhd       ;         ;
; alu.vhd                          ; yes             ; User VHDL File  ; /home/nic/202203-poli/oac/atv4a/copy_quartus/alu.vhd         ;         ;
; aludec.vhd                       ; yes             ; User VHDL File  ; /home/nic/202203-poli/oac/atv4a/copy_quartus/aludec.vhd      ;         ;
; controlunit.vhd                  ; yes             ; User VHDL File  ; /home/nic/202203-poli/oac/atv4a/copy_quartus/controlunit.vhd ;         ;
; datapath.vhd                     ; yes             ; User VHDL File  ; /home/nic/202203-poli/oac/atv4a/copy_quartus/datapath.vhd    ;         ;
; flopr.vhd                        ; yes             ; User VHDL File  ; /home/nic/202203-poli/oac/atv4a/copy_quartus/flopr.vhd       ;         ;
; immgen.vhd                       ; yes             ; User VHDL File  ; /home/nic/202203-poli/oac/atv4a/copy_quartus/immgen.vhd      ;         ;
; maindec.vhd                      ; yes             ; User VHDL File  ; /home/nic/202203-poli/oac/atv4a/copy_quartus/maindec.vhd     ;         ;
; mux2.vhd                         ; yes             ; User VHDL File  ; /home/nic/202203-poli/oac/atv4a/copy_quartus/mux2.vhd        ;         ;
; regfile.vhd                      ; yes             ; User VHDL File  ; /home/nic/202203-poli/oac/atv4a/copy_quartus/regfile.vhd     ;         ;
; riscvsingle.vhd                  ; yes             ; User VHDL File  ; /home/nic/202203-poli/oac/atv4a/copy_quartus/riscvsingle.vhd ;         ;
+----------------------------------+-----------------+-----------------+--------------------------------------------------------------+---------+


+---------------------------------------------------------+
; Analysis & Synthesis Resource Usage Summary             ;
+---------------------------------------------+-----------+
; Resource                                    ; Usage     ;
+---------------------------------------------+-----------+
; Estimate of Logic utilization (ALMs needed) ; 1146      ;
;                                             ;           ;
; Combinational ALUT usage for logic          ; 894       ;
;     -- 7 input functions                    ; 513       ;
;     -- 6 input functions                    ; 74        ;
;     -- 5 input functions                    ; 111       ;
;     -- 4 input functions                    ; 29        ;
;     -- <=3 input functions                  ; 167       ;
;                                             ;           ;
; Dedicated logic registers                   ; 1056      ;
;                                             ;           ;
; I/O pins                                    ; 163       ;
;                                             ;           ;
; Total DSP Blocks                            ; 0         ;
;                                             ;           ;
; Maximum fan-out node                        ; clk~input ;
; Maximum fan-out                             ; 1056      ;
; Total fan-out                               ; 8663      ;
; Average fan-out                             ; 3.81      ;
+---------------------------------------------+-----------+


+---------------------------------------------------------------------------------------------------------------------------------------------------------------------------------------------------------------+
; Analysis & Synthesis Resource Utilization by Entity                                                                                                                                                           ;
+----------------------------+---------------------+---------------------------+-------------------+------------+------+--------------+--------------------------------------------+-------------+--------------+
; Compilation Hierarchy Node ; Combinational ALUTs ; Dedicated Logic Registers ; Block Memory Bits ; DSP Blocks ; Pins ; Virtual Pins ; Full Hierarchy Name                        ; Entity Name ; Library Name ;
+----------------------------+---------------------+---------------------------+-------------------+------------+------+--------------+--------------------------------------------+-------------+--------------+
; |riscvsingle               ; 894 (0)             ; 1056 (0)                  ; 0                 ; 0          ; 163  ; 0            ; |riscvsingle                               ; riscvsingle ; work         ;
;    |controlunit:cu|        ; 19 (16)             ; 0 (0)                     ; 0                 ; 0          ; 0    ; 0            ; |riscvsingle|controlunit:cu                ; controlunit ; work         ;
;       |aludec:ad|          ; 1 (1)               ; 0 (0)                     ; 0                 ; 0          ; 0    ; 0            ; |riscvsingle|controlunit:cu|aludec:ad      ; aludec      ; work         ;
;       |maindec:md|         ; 2 (2)               ; 0 (0)                     ; 0                 ; 0          ; 0    ; 0            ; |riscvsingle|controlunit:cu|maindec:md     ; maindec     ; work         ;
;    |datapath:dp|           ; 875 (0)             ; 1056 (0)                  ; 0                 ; 0          ; 0    ; 0            ; |riscvsingle|datapath:dp                   ; datapath    ; work         ;
;       |adder:pcadd4|       ; 30 (30)             ; 0 (0)                     ; 0                 ; 0          ; 0    ; 0            ; |riscvsingle|datapath:dp|adder:pcadd4      ; adder       ; work         ;
;       |adder:pcaddbranch|  ; 32 (32)             ; 0 (0)                     ; 0                 ; 0          ; 0    ; 0            ; |riscvsingle|datapath:dp|adder:pcaddbranch ; adder       ; work         ;
;       |alu:mainalu|        ; 133 (133)           ; 0 (0)                     ; 0                 ; 0          ; 0    ; 0            ; |riscvsingle|datapath:dp|alu:mainalu       ; alu         ; work         ;
;       |flopr:pcreg|        ; 0 (0)               ; 32 (32)                   ; 0                 ; 0          ; 0    ; 0            ; |riscvsingle|datapath:dp|flopr:pcreg       ; flopr       ; work         ;
;       |mux2:resultmux|     ; 32 (32)             ; 0 (0)                     ; 0                 ; 0          ; 0    ; 0            ; |riscvsingle|datapath:dp|mux2:resultmux    ; mux2        ; work         ;
;       |regfile:rf|         ; 648 (648)           ; 1024 (1024)               ; 0                 ; 0          ; 0    ; 0            ; |riscvsingle|datapath:dp|regfile:rf        ; regfile     ; work         ;
+----------------------------+---------------------+---------------------------+-------------------+------------+------+--------------+--------------------------------------------+-------------+--------------+
Note: For table entries with two numbers listed, the numbers in parentheses indicate the number of resources of the given type used by the specific entity alone. The numbers listed outside of parentheses indicate the total resources of the given type used by the specific entity and all of its sub-entities in the hierarchy.


+------------------------------------------------------+
; General Register Statistics                          ;
+----------------------------------------------+-------+
; Statistic                                    ; Value ;
+----------------------------------------------+-------+
; Total registers                              ; 1056  ;
; Number of registers using Synchronous Clear  ; 0     ;
; Number of registers using Synchronous Load   ; 30    ;
; Number of registers using Asynchronous Clear ; 32    ;
; Number of registers using Asynchronous Load  ; 0     ;
; Number of registers using Clock Enable       ; 1026  ;
; Number of registers using Preset             ; 0     ;
+----------------------------------------------+-------+


+------------------------------------------------------------------------------------------------------------------------------------------------------------+
; Multiplexer Restructuring Statistics (Restructuring Performed)                                                                                             ;
+--------------------+-----------+---------------+----------------------+------------------------+------------+----------------------------------------------+
; Multiplexer Inputs ; Bus Width ; Baseline Area ; Area if Restructured ; Saving if Restructured ; Registered ; Example Multiplexer Output                   ;
+--------------------+-----------+---------------+----------------------+------------------------+------------+----------------------------------------------+
; 3:1                ; 4 bits    ; 8 LEs         ; 4 LEs                ; 4 LEs                  ; No         ; |riscvsingle|datapath:dp|immgen:imm|Mux2     ;
; 4:1                ; 32 bits   ; 64 LEs        ; 64 LEs               ; 0 LEs                  ; No         ; |riscvsingle|datapath:dp|alu:mainalu|bout[4] ;
; 4:1                ; 31 bits   ; 62 LEs        ; 62 LEs               ; 0 LEs                  ; No         ; |riscvsingle|datapath:dp|alu:mainalu|Mux14   ;
+--------------------+-----------+---------------+----------------------+------------------------+------------+----------------------------------------------+


+----------------------------------------------------------------------+
; Parameter Settings for User Entity Instance: datapath:dp|flopr:pcreg ;
+----------------+-------+---------------------------------------------+
; Parameter Name ; Value ; Type                                        ;
+----------------+-------+---------------------------------------------+
; width          ; 32    ; Signed Integer                              ;
+----------------+-------+---------------------------------------------+
Note: In order to hide this table in the UI and the text report file, please set the "Show Parameter Settings in Synthesis Report" option in "Analysis and Synthesis Settings -> More Settings" to "Off".


+---------------------------------------------------------------------+
; Parameter Settings for User Entity Instance: datapath:dp|mux2:pcmux ;
+----------------+-------+--------------------------------------------+
; Parameter Name ; Value ; Type                                       ;
+----------------+-------+--------------------------------------------+
; width          ; 32    ; Signed Integer                             ;
+----------------+-------+--------------------------------------------+
Note: In order to hide this table in the UI and the text report file, please set the "Show Parameter Settings in Synthesis Report" option in "Analysis and Synthesis Settings -> More Settings" to "Off".


+----------------------------------------------------------------------------+
; Parameter Settings for User Entity Instance: datapath:dp|mux2:aluinput2mux ;
+----------------+-------+---------------------------------------------------+
; Parameter Name ; Value ; Type                                              ;
+----------------+-------+---------------------------------------------------+
; width          ; 32    ; Signed Integer                                    ;
+----------------+-------+---------------------------------------------------+
Note: In order to hide this table in the UI and the text report file, please set the "Show Parameter Settings in Synthesis Report" option in "Analysis and Synthesis Settings -> More Settings" to "Off".


+-------------------------------------------------------------------------+
; Parameter Settings for User Entity Instance: datapath:dp|mux2:resultmux ;
+----------------+-------+------------------------------------------------+
; Parameter Name ; Value ; Type                                           ;
+----------------+-------+------------------------------------------------+
; width          ; 32    ; Signed Integer                                 ;
+----------------+-------+------------------------------------------------+
Note: In order to hide this table in the UI and the text report file, please set the "Show Parameter Settings in Synthesis Report" option in "Analysis and Synthesis Settings -> More Settings" to "Off".


+------------------------------------------------------+
; Port Connectivity Checks: "datapath:dp|adder:pcadd4" ;
+----------+-------+----------+------------------------+
; Port     ; Type  ; Severity ; Details                ;
+----------+-------+----------+------------------------+
; b[31..3] ; Input ; Info     ; Stuck at GND           ;
; b[1..0]  ; Input ; Info     ; Stuck at GND           ;
; b[2]     ; Input ; Info     ; Stuck at VCC           ;
+----------+-------+----------+------------------------+


+-----------------------------------------------------+
; Post-Synthesis Netlist Statistics for Top Partition ;
+-----------------------+-----------------------------+
; Type                  ; Count                       ;
+-----------------------+-----------------------------+
; arriav_ff             ; 1056                        ;
;     CLR SLD           ; 30                          ;
;     ENA               ; 1024                        ;
;     ENA CLR           ; 2                           ;
; arriav_lcell_comb     ; 894                         ;
;     arith             ; 62                          ;
;         1 data inputs ; 30                          ;
;         2 data inputs ; 26                          ;
;         4 data inputs ; 1                           ;
;         5 data inputs ; 5                           ;
;     extend            ; 513                         ;
;         7 data inputs ; 513                         ;
;     normal            ; 287                         ;
;         2 data inputs ; 39                          ;
;         3 data inputs ; 41                          ;
;         4 data inputs ; 27                          ;
;         5 data inputs ; 106                         ;
;         6 data inputs ; 74                          ;
;     shared            ; 32                          ;
;         3 data inputs ; 31                          ;
;         4 data inputs ; 1                           ;
; boundary_port         ; 163                         ;
;                       ;                             ;
; Max LUT depth         ; 10.10                       ;
; Average LUT depth     ; 7.50                        ;
+-----------------------+-----------------------------+


+-------------------------------+
; Elapsed Time Per Partition    ;
+----------------+--------------+
; Partition Name ; Elapsed Time ;
+----------------+--------------+
; Top            ; 00:00:01     ;
+----------------+--------------+


+-------------------------------+
; Analysis & Synthesis Messages ;
+-------------------------------+
Info: *******************************************************************
Info: Running Quartus Prime Analysis & Synthesis
    Info: Version 21.1.1 Build 850 06/23/2022 SJ Lite Edition
    Info: Processing started: Mon Nov 28 16:47:13 2022
Info: Command: quartus_map --read_settings_files=on --write_settings_files=off riscvsingle -c riscvsingle
Warning (18236): Number of processors has not been specified which may cause overloading on shared machines.  Set the global assignment NUM_PARALLEL_PROCESSORS in your QSF to an appropriate value for best performance.
Info (20030): Parallel compilation is enabled and will use 4 of the 4 processors detected
Info (12021): Found 2 design units, including 1 entities, in source file adder.vhd
    Info (12022): Found design unit 1: adder-behavioural File: /home/nic/202203-poli/oac/atv4a/copy_quartus/adder.vhd Line: 13
    Info (12023): Found entity 1: adder File: /home/nic/202203-poli/oac/atv4a/copy_quartus/adder.vhd Line: 6
Info (12021): Found 2 design units, including 1 entities, in source file alu.vhd
    Info (12022): Found design unit 1: alu-synth File: /home/nic/202203-poli/oac/atv4a/copy_quartus/alu.vhd Line: 16
    Info (12023): Found entity 1: alu File: /home/nic/202203-poli/oac/atv4a/copy_quartus/alu.vhd Line: 6
Info (12021): Found 2 design units, including 1 entities, in source file aludec.vhd
    Info (12022): Found design unit 1: aludec-behavioural File: /home/nic/202203-poli/oac/atv4a/copy_quartus/aludec.vhd Line: 13
    Info (12023): Found entity 1: aludec File: /home/nic/202203-poli/oac/atv4a/copy_quartus/aludec.vhd Line: 4
Info (12021): Found 2 design units, including 1 entities, in source file controlunit.vhd
    Info (12022): Found design unit 1: controlunit-struct File: /home/nic/202203-poli/oac/atv4a/copy_quartus/controlunit.vhd Line: 24
    Info (12023): Found entity 1: controlunit File: /home/nic/202203-poli/oac/atv4a/copy_quartus/controlunit.vhd Line: 4
Info (12021): Found 2 design units, including 1 entities, in source file datamem.vhd
    Info (12022): Found design unit 1: datamem-behavioural File: /home/nic/202203-poli/oac/atv4a/copy_quartus/datamem.vhd Line: 14
    Info (12023): Found entity 1: datamem File: /home/nic/202203-poli/oac/atv4a/copy_quartus/datamem.vhd Line: 6
Info (12021): Found 2 design units, including 1 entities, in source file datapath.vhd
    Info (12022): Found design unit 1: datapath-struct File: /home/nic/202203-poli/oac/atv4a/copy_quartus/datapath.vhd Line: 24
    Info (12023): Found entity 1: datapath File: /home/nic/202203-poli/oac/atv4a/copy_quartus/datapath.vhd Line: 5
Info (12021): Found 2 design units, including 1 entities, in source file flopr.vhd
    Info (12022): Found design unit 1: flopr-asynchronous File: /home/nic/202203-poli/oac/atv4a/copy_quartus/flopr.vhd Line: 16
    Info (12023): Found entity 1: flopr File: /home/nic/202203-poli/oac/atv4a/copy_quartus/flopr.vhd Line: 5
Info (12021): Found 2 design units, including 1 entities, in source file immgen.vhd
    Info (12022): Found design unit 1: immgen-behavioural File: /home/nic/202203-poli/oac/atv4a/copy_quartus/immgen.vhd Line: 12
    Info (12023): Found entity 1: immgen File: /home/nic/202203-poli/oac/atv4a/copy_quartus/immgen.vhd Line: 4
Info (12021): Found 2 design units, including 1 entities, in source file instrmem.vhd
    Info (12022): Found design unit 1: instrmem-behavioural File: /home/nic/202203-poli/oac/atv4a/copy_quartus/instrmem.vhd Line: 14
    Info (12023): Found entity 1: instrmem File: /home/nic/202203-poli/oac/atv4a/copy_quartus/instrmem.vhd Line: 7
Info (12021): Found 2 design units, including 1 entities, in source file maindec.vhd
    Info (12022): Found design unit 1: maindec-behavioural File: /home/nic/202203-poli/oac/atv4a/copy_quartus/maindec.vhd Line: 18
    Info (12023): Found entity 1: maindec File: /home/nic/202203-poli/oac/atv4a/copy_quartus/maindec.vhd Line: 4
Info (12021): Found 2 design units, including 1 entities, in source file mux2.vhd
    Info (12022): Found design unit 1: mux2-behavioural File: /home/nic/202203-poli/oac/atv4a/copy_quartus/mux2.vhd Line: 15
    Info (12023): Found entity 1: mux2 File: /home/nic/202203-poli/oac/atv4a/copy_quartus/mux2.vhd Line: 4
Info (12021): Found 2 design units, including 1 entities, in source file regfile.vhd
    Info (12022): Found design unit 1: regfile-behavioural File: /home/nic/202203-poli/oac/atv4a/copy_quartus/regfile.vhd Line: 16
    Info (12023): Found entity 1: regfile File: /home/nic/202203-poli/oac/atv4a/copy_quartus/regfile.vhd Line: 5
Info (12021): Found 2 design units, including 1 entities, in source file riscvsingle.vhd
    Info (12022): Found design unit 1: riscvsingle-struct File: /home/nic/202203-poli/oac/atv4a/copy_quartus/riscvsingle.vhd Line: 15
    Info (12023): Found entity 1: riscvsingle File: /home/nic/202203-poli/oac/atv4a/copy_quartus/riscvsingle.vhd Line: 4
Info (12021): Found 2 design units, including 1 entities, in source file testbench.vhd
    Info (12022): Found design unit 1: testbench-test File: /home/nic/202203-poli/oac/atv4a/copy_quartus/testbench.vhd Line: 8
    Info (12023): Found entity 1: testbench File: /home/nic/202203-poli/oac/atv4a/copy_quartus/testbench.vhd Line: 5
Info (12021): Found 2 design units, including 1 entities, in source file top.vhd
    Info (12022): Found design unit 1: top-test File: /home/nic/202203-poli/oac/atv4a/copy_quartus/top.vhd Line: 13
    Info (12023): Found entity 1: top File: /home/nic/202203-poli/oac/atv4a/copy_quartus/top.vhd Line: 5
Info (12127): Elaborating entity "riscvsingle" for the top level hierarchy
Info (12128): Elaborating entity "controlunit" for hierarchy "controlunit:cu" File: /home/nic/202203-poli/oac/atv4a/copy_quartus/riscvsingle.vhd Line: 63
Info (12128): Elaborating entity "maindec" for hierarchy "controlunit:cu|maindec:md" File: /home/nic/202203-poli/oac/atv4a/copy_quartus/controlunit.vhd Line: 54
Info (12128): Elaborating entity "aludec" for hierarchy "controlunit:cu|aludec:ad" File: /home/nic/202203-poli/oac/atv4a/copy_quartus/controlunit.vhd Line: 66
Info (12128): Elaborating entity "datapath" for hierarchy "datapath:dp" File: /home/nic/202203-poli/oac/atv4a/copy_quartus/riscvsingle.vhd Line: 78
Info (12128): Elaborating entity "flopr" for hierarchy "datapath:dp|flopr:pcreg" File: /home/nic/202203-poli/oac/atv4a/copy_quartus/datapath.vhd Line: 97
Info (12128): Elaborating entity "adder" for hierarchy "datapath:dp|adder:pcadd4" File: /home/nic/202203-poli/oac/atv4a/copy_quartus/datapath.vhd Line: 108
Info (12128): Elaborating entity "mux2" for hierarchy "datapath:dp|mux2:pcmux" File: /home/nic/202203-poli/oac/atv4a/copy_quartus/datapath.vhd Line: 122
Info (12128): Elaborating entity "immgen" for hierarchy "datapath:dp|immgen:imm" File: /home/nic/202203-poli/oac/atv4a/copy_quartus/datapath.vhd Line: 138
Info (12128): Elaborating entity "regfile" for hierarchy "datapath:dp|regfile:rf" File: /home/nic/202203-poli/oac/atv4a/copy_quartus/datapath.vhd Line: 145
Warning (10492): VHDL Process Statement warning at regfile.vhd(41): signal "mem" is read inside the Process Statement but isn't in the Process Statement's sensitivity list File: /home/nic/202203-poli/oac/atv4a/copy_quartus/regfile.vhd Line: 41
Warning (10492): VHDL Process Statement warning at regfile.vhd(46): signal "mem" is read inside the Process Statement but isn't in the Process Statement's sensitivity list File: /home/nic/202203-poli/oac/atv4a/copy_quartus/regfile.vhd Line: 46
Info (12128): Elaborating entity "alu" for hierarchy "datapath:dp|alu:mainalu" File: /home/nic/202203-poli/oac/atv4a/copy_quartus/datapath.vhd Line: 171
Info (276014): Found 1 instances of uninferred RAM logic
    Info (276007): RAM logic "datapath:dp|regfile:rf|mem" is uninferred due to asynchronous read logic File: /home/nic/202203-poli/oac/atv4a/copy_quartus/regfile.vhd Line: 20
Info (286030): Timing-Driven Synthesis is running
Info (16010): Generating hard_block partition "hard_block:auto_generated_inst"
    Info (16011): Adding 0 node(s), including 0 DDIO, 0 PLL, 0 transceiver and 0 LCELL
Warning (21074): Design contains 5 input pin(s) that do not drive logic
    Warning (15610): No output dependent on input pin "instr[0]" File: /home/nic/202203-poli/oac/atv4a/copy_quartus/riscvsingle.vhd Line: 8
    Warning (15610): No output dependent on input pin "instr[1]" File: /home/nic/202203-poli/oac/atv4a/copy_quartus/riscvsingle.vhd Line: 8
    Warning (15610): No output dependent on input pin "instr[2]" File: /home/nic/202203-poli/oac/atv4a/copy_quartus/riscvsingle.vhd Line: 8
    Warning (15610): No output dependent on input pin "instr[3]" File: /home/nic/202203-poli/oac/atv4a/copy_quartus/riscvsingle.vhd Line: 8
    Warning (15610): No output dependent on input pin "instr[13]" File: /home/nic/202203-poli/oac/atv4a/copy_quartus/riscvsingle.vhd Line: 8
Info (21057): Implemented 2081 device resources after synthesis - the final resource count might be different
    Info (21058): Implemented 66 input pins
    Info (21059): Implemented 97 output pins
    Info (21061): Implemented 1918 logic cells
Info: Quartus Prime Analysis & Synthesis was successful. 0 errors, 9 warnings
    Info: Peak virtual memory: 497 megabytes
    Info: Processing ended: Mon Nov 28 16:47:21 2022
    Info: Elapsed time: 00:00:08
    Info: Total CPU time (on all processors): 00:00:17


